mode: set
github.com/MikeS071/contentai/main.go:10.13,11.51 1 0
github.com/MikeS071/contentai/main.go:11.51,14.3 2 0
github.com/MikeS071/contentai/cmd/draft.go:17.35,26.55 3 1
github.com/MikeS071/contentai/cmd/draft.go:26.55,28.18 2 1
github.com/MikeS071/contentai/cmd/draft.go:28.18,30.5 1 0
github.com/MikeS071/contentai/cmd/draft.go:32.4,33.43 2 1
github.com/MikeS071/contentai/cmd/draft.go:33.43,35.5 1 0
github.com/MikeS071/contentai/cmd/draft.go:37.4,38.18 2 1
github.com/MikeS071/contentai/cmd/draft.go:38.18,40.5 1 0
github.com/MikeS071/contentai/cmd/draft.go:42.4,43.22 2 1
github.com/MikeS071/contentai/cmd/draft.go:43.22,45.5 1 0
github.com/MikeS071/contentai/cmd/draft.go:46.4,47.74 2 1
github.com/MikeS071/contentai/cmd/draft.go:47.74,49.5 1 0
github.com/MikeS071/contentai/cmd/draft.go:50.4,50.19 1 1
github.com/MikeS071/contentai/cmd/draft.go:50.19,52.5 1 0
github.com/MikeS071/contentai/cmd/draft.go:54.4,55.18 2 1
github.com/MikeS071/contentai/cmd/draft.go:55.18,57.5 1 0
github.com/MikeS071/contentai/cmd/draft.go:59.4,70.27 4 1
github.com/MikeS071/contentai/cmd/draft.go:70.27,72.5 1 0
github.com/MikeS071/contentai/cmd/draft.go:74.4,79.6 1 1
github.com/MikeS071/contentai/cmd/draft.go:83.2,85.12 3 1
github.com/MikeS071/contentai/cmd/draft.go:88.59,89.35 1 1
github.com/MikeS071/contentai/cmd/draft.go:89.35,90.42 1 1
github.com/MikeS071/contentai/cmd/draft.go:90.42,92.4 1 1
github.com/MikeS071/contentai/cmd/draft.go:92.9,92.33 1 0
github.com/MikeS071/contentai/cmd/draft.go:92.33,94.4 1 0
github.com/MikeS071/contentai/cmd/draft.go:96.2,98.17 3 0
github.com/MikeS071/contentai/cmd/draft.go:101.61,102.16 1 1
github.com/MikeS071/contentai/cmd/draft.go:102.16,104.3 1 0
github.com/MikeS071/contentai/cmd/draft.go:105.2,105.60 1 1
github.com/MikeS071/contentai/cmd/draft.go:105.60,107.17 2 1
github.com/MikeS071/contentai/cmd/draft.go:107.17,109.4 1 0
github.com/MikeS071/contentai/cmd/draft.go:110.3,110.16 1 1
github.com/MikeS071/contentai/cmd/draft.go:110.16,112.4 1 1
github.com/MikeS071/contentai/cmd/draft.go:114.2,114.95 1 0
github.com/MikeS071/contentai/cmd/draft.go:114.95,115.54 1 0
github.com/MikeS071/contentai/cmd/draft.go:115.54,117.4 1 0
github.com/MikeS071/contentai/cmd/draft.go:119.2,119.104 1 0
github.com/MikeS071/contentai/cmd/draft.go:122.58,123.73 1 1
github.com/MikeS071/contentai/cmd/draft.go:123.73,125.3 1 1
github.com/MikeS071/contentai/cmd/draft.go:126.2,127.21 2 0
github.com/MikeS071/contentai/cmd/draft.go:127.21,129.3 1 0
github.com/MikeS071/contentai/cmd/draft.go:130.2,130.40 1 0
github.com/MikeS071/contentai/cmd/draft.go:130.40,132.17 2 0
github.com/MikeS071/contentai/cmd/draft.go:132.17,134.4 1 0
github.com/MikeS071/contentai/cmd/draft.go:136.2,138.16 3 0
github.com/MikeS071/contentai/cmd/draft.go:138.16,140.3 1 0
github.com/MikeS071/contentai/cmd/draft.go:141.2,141.40 1 0
github.com/MikeS071/contentai/cmd/hero.go:16.34,24.55 2 1
github.com/MikeS071/contentai/cmd/hero.go:24.55,26.18 2 1
github.com/MikeS071/contentai/cmd/hero.go:26.18,28.5 1 0
github.com/MikeS071/contentai/cmd/hero.go:30.4,31.24 2 1
github.com/MikeS071/contentai/cmd/hero.go:31.24,33.5 1 0
github.com/MikeS071/contentai/cmd/hero.go:35.4,36.22 2 1
github.com/MikeS071/contentai/cmd/hero.go:36.22,38.5 1 0
github.com/MikeS071/contentai/cmd/hero.go:39.4,39.28 1 1
github.com/MikeS071/contentai/cmd/hero.go:39.28,41.5 1 0
github.com/MikeS071/contentai/cmd/hero.go:43.4,44.18 2 1
github.com/MikeS071/contentai/cmd/hero.go:44.18,46.5 1 0
github.com/MikeS071/contentai/cmd/hero.go:48.4,49.21 2 1
github.com/MikeS071/contentai/cmd/hero.go:49.21,51.5 1 0
github.com/MikeS071/contentai/cmd/hero.go:52.4,54.65 3 1
github.com/MikeS071/contentai/cmd/hero.go:54.65,56.5 1 1
github.com/MikeS071/contentai/cmd/hero.go:57.4,57.62 1 1
github.com/MikeS071/contentai/cmd/hero.go:57.62,59.5 1 1
github.com/MikeS071/contentai/cmd/hero.go:60.4,62.109 2 1
github.com/MikeS071/contentai/cmd/hero.go:62.109,64.5 1 0
github.com/MikeS071/contentai/cmd/hero.go:66.4,67.14 2 1
github.com/MikeS071/contentai/cmd/hero.go:71.2,72.12 2 1
github.com/MikeS071/contentai/cmd/hero.go:75.61,77.18 2 1
github.com/MikeS071/contentai/cmd/hero.go:77.18,79.3 1 0
github.com/MikeS071/contentai/cmd/hero.go:80.2,80.63 1 1
github.com/MikeS071/contentai/cmd/hero.go:80.63,82.17 2 1
github.com/MikeS071/contentai/cmd/hero.go:82.17,84.4 1 0
github.com/MikeS071/contentai/cmd/hero.go:85.3,85.20 1 1
github.com/MikeS071/contentai/cmd/hero.go:87.2,87.18 1 1
github.com/MikeS071/contentai/cmd/hero.go:87.18,89.3 1 0
github.com/MikeS071/contentai/cmd/hero.go:90.2,90.20 1 1
github.com/MikeS071/contentai/cmd/ideas.go:17.35,28.52 2 1
github.com/MikeS071/contentai/cmd/ideas.go:28.52,30.18 2 1
github.com/MikeS071/contentai/cmd/ideas.go:30.18,32.5 1 0
github.com/MikeS071/contentai/cmd/ideas.go:34.4,35.24 2 1
github.com/MikeS071/contentai/cmd/ideas.go:35.24,37.5 1 0
github.com/MikeS071/contentai/cmd/ideas.go:38.4,39.18 2 1
github.com/MikeS071/contentai/cmd/ideas.go:39.18,41.5 1 0
github.com/MikeS071/contentai/cmd/ideas.go:43.4,56.18 3 1
github.com/MikeS071/contentai/cmd/ideas.go:56.18,58.5 1 0
github.com/MikeS071/contentai/cmd/ideas.go:60.4,61.18 2 1
github.com/MikeS071/contentai/cmd/ideas.go:61.18,63.5 1 0
github.com/MikeS071/contentai/cmd/ideas.go:64.4,64.34 1 1
github.com/MikeS071/contentai/cmd/ideas.go:64.34,66.5 1 1
github.com/MikeS071/contentai/cmd/ideas.go:67.4,70.14 3 1
github.com/MikeS071/contentai/cmd/ideas.go:74.2,77.12 4 1
github.com/MikeS071/contentai/cmd/ideas.go:80.67,82.20 2 1
github.com/MikeS071/contentai/cmd/ideas.go:82.20,84.3 1 0
github.com/MikeS071/contentai/cmd/ideas.go:85.2,86.17 2 1
github.com/MikeS071/contentai/cmd/ideas.go:86.17,88.3 1 0
github.com/MikeS071/contentai/cmd/ideas.go:90.2,91.18 2 1
github.com/MikeS071/contentai/cmd/ideas.go:91.18,93.3 1 0
github.com/MikeS071/contentai/cmd/ideas.go:94.2,94.48 1 1
github.com/MikeS071/contentai/cmd/ideas.go:94.48,96.17 2 1
github.com/MikeS071/contentai/cmd/ideas.go:96.17,98.4 1 0
github.com/MikeS071/contentai/cmd/ideas.go:99.3,99.20 1 1
github.com/MikeS071/contentai/cmd/ideas.go:102.2,103.16 2 1
github.com/MikeS071/contentai/cmd/ideas.go:103.16,105.3 1 0
github.com/MikeS071/contentai/cmd/ideas.go:106.2,106.20 1 1
github.com/MikeS071/contentai/cmd/init.go:15.34,21.55 1 1
github.com/MikeS071/contentai/cmd/init.go:21.55,23.18 2 1
github.com/MikeS071/contentai/cmd/init.go:23.18,25.5 1 0
github.com/MikeS071/contentai/cmd/init.go:27.4,28.22 2 1
github.com/MikeS071/contentai/cmd/init.go:28.22,30.5 1 1
github.com/MikeS071/contentai/cmd/init.go:32.4,33.20 2 1
github.com/MikeS071/contentai/cmd/init.go:33.20,35.5 1 0
github.com/MikeS071/contentai/cmd/init.go:36.4,36.20 1 1
github.com/MikeS071/contentai/cmd/init.go:36.20,38.5 1 0
github.com/MikeS071/contentai/cmd/init.go:40.4,42.18 3 1
github.com/MikeS071/contentai/cmd/init.go:42.18,44.5 1 0
github.com/MikeS071/contentai/cmd/init.go:46.4,48.36 3 1
github.com/MikeS071/contentai/cmd/kb.go:15.32,29.2 7 1
github.com/MikeS071/contentai/cmd/kb.go:31.39,37.53 2 1
github.com/MikeS071/contentai/cmd/kb.go:37.53,38.59 1 1
github.com/MikeS071/contentai/cmd/kb.go:38.59,40.5 1 0
github.com/MikeS071/contentai/cmd/kb.go:41.4,41.58 1 1
github.com/MikeS071/contentai/cmd/kb.go:41.58,43.5 1 0
github.com/MikeS071/contentai/cmd/kb.go:44.4,44.14 1 1
github.com/MikeS071/contentai/cmd/kb.go:46.55,48.18 2 1
github.com/MikeS071/contentai/cmd/kb.go:48.18,50.5 1 0
github.com/MikeS071/contentai/cmd/kb.go:51.4,51.41 1 1
github.com/MikeS071/contentai/cmd/kb.go:51.41,53.19 2 0
github.com/MikeS071/contentai/cmd/kb.go:53.19,55.6 1 0
github.com/MikeS071/contentai/cmd/kb.go:56.5,57.15 2 0
github.com/MikeS071/contentai/cmd/kb.go:60.4,61.18 2 1
github.com/MikeS071/contentai/cmd/kb.go:61.18,63.5 1 0
github.com/MikeS071/contentai/cmd/kb.go:64.4,65.14 2 1
github.com/MikeS071/contentai/cmd/kb.go:68.2,69.12 2 1
github.com/MikeS071/contentai/cmd/kb.go:72.41,77.52 1 1
github.com/MikeS071/contentai/cmd/kb.go:77.52,79.18 2 0
github.com/MikeS071/contentai/cmd/kb.go:79.18,81.5 1 0
github.com/MikeS071/contentai/cmd/kb.go:82.4,83.18 2 0
github.com/MikeS071/contentai/cmd/kb.go:83.18,85.5 1 0
github.com/MikeS071/contentai/cmd/kb.go:86.4,86.31 1 0
github.com/MikeS071/contentai/cmd/kb.go:86.31,88.5 1 0
github.com/MikeS071/contentai/cmd/kb.go:89.4,89.14 1 0
github.com/MikeS071/contentai/cmd/kb.go:94.36,99.52 1 1
github.com/MikeS071/contentai/cmd/kb.go:99.52,101.18 2 1
github.com/MikeS071/contentai/cmd/kb.go:101.18,103.5 1 0
github.com/MikeS071/contentai/cmd/kb.go:104.4,105.18 2 1
github.com/MikeS071/contentai/cmd/kb.go:105.18,107.5 1 0
github.com/MikeS071/contentai/cmd/kb.go:108.4,109.36 2 1
github.com/MikeS071/contentai/cmd/kb.go:109.36,111.5 1 0
github.com/MikeS071/contentai/cmd/kb.go:112.4,112.14 1 1
github.com/MikeS071/contentai/cmd/kb.go:117.39,123.55 1 1
github.com/MikeS071/contentai/cmd/kb.go:123.55,125.18 2 0
github.com/MikeS071/contentai/cmd/kb.go:125.18,127.5 1 0
github.com/MikeS071/contentai/cmd/kb.go:128.4,129.18 2 0
github.com/MikeS071/contentai/cmd/kb.go:129.18,131.5 1 0
github.com/MikeS071/contentai/cmd/kb.go:132.4,133.14 2 0
github.com/MikeS071/contentai/cmd/kb.go:138.38,145.55 2 1
github.com/MikeS071/contentai/cmd/kb.go:145.55,147.18 2 0
github.com/MikeS071/contentai/cmd/kb.go:147.18,149.5 1 0
github.com/MikeS071/contentai/cmd/kb.go:150.4,151.18 2 0
github.com/MikeS071/contentai/cmd/kb.go:151.18,153.5 1 0
github.com/MikeS071/contentai/cmd/kb.go:154.4,154.30 1 0
github.com/MikeS071/contentai/cmd/kb.go:154.30,156.5 1 0
github.com/MikeS071/contentai/cmd/kb.go:157.4,157.14 1 0
github.com/MikeS071/contentai/cmd/kb.go:160.2,161.12 2 1
github.com/MikeS071/contentai/cmd/kb.go:164.65,166.22 2 1
github.com/MikeS071/contentai/cmd/kb.go:166.22,167.48 1 1
github.com/MikeS071/contentai/cmd/kb.go:167.48,169.22 2 1
github.com/MikeS071/contentai/cmd/kb.go:169.22,171.5 1 0
github.com/MikeS071/contentai/cmd/kb.go:172.4,172.55 1 1
github.com/MikeS071/contentai/cmd/kb.go:172.55,174.5 1 1
github.com/MikeS071/contentai/cmd/kb.go:177.2,177.37 1 1
github.com/MikeS071/contentai/cmd/list.go:5.34,10.48 1 1
github.com/MikeS071/contentai/cmd/list.go:10.48,12.4 1 0
github.com/MikeS071/contentai/cmd/new.go:16.92,23.39 5 0
github.com/MikeS071/contentai/cmd/new.go:23.39,25.3 1 0
github.com/MikeS071/contentai/cmd/new.go:26.2,26.19 1 0
github.com/MikeS071/contentai/cmd/new.go:26.19,28.3 1 0
github.com/MikeS071/contentai/cmd/new.go:30.2,31.18 2 0
github.com/MikeS071/contentai/cmd/new.go:31.18,33.3 1 0
github.com/MikeS071/contentai/cmd/new.go:35.2,35.51 1 0
github.com/MikeS071/contentai/cmd/new.go:35.51,37.3 1 0
github.com/MikeS071/contentai/cmd/new.go:39.2,39.19 1 0
github.com/MikeS071/contentai/cmd/new.go:39.19,41.17 2 0
github.com/MikeS071/contentai/cmd/new.go:41.17,43.4 1 0
github.com/MikeS071/contentai/cmd/new.go:44.3,44.59 1 0
github.com/MikeS071/contentai/cmd/new.go:44.59,46.4 1 0
github.com/MikeS071/contentai/cmd/new.go:49.2,50.12 2 0
github.com/MikeS071/contentai/cmd/new.go:53.79,56.16 3 1
github.com/MikeS071/contentai/cmd/new.go:56.16,58.3 1 0
github.com/MikeS071/contentai/cmd/new.go:59.2,59.23 1 1
github.com/MikeS071/contentai/cmd/new.go:59.23,61.3 1 0
github.com/MikeS071/contentai/cmd/new.go:63.2,68.32 3 1
github.com/MikeS071/contentai/cmd/new.go:68.32,69.20 1 1
github.com/MikeS071/contentai/cmd/new.go:69.20,70.12 1 0
github.com/MikeS071/contentai/cmd/new.go:72.3,73.17 2 1
github.com/MikeS071/contentai/cmd/new.go:73.17,75.4 1 0
github.com/MikeS071/contentai/cmd/new.go:76.3,79.5 1 1
github.com/MikeS071/contentai/cmd/new.go:81.2,81.21 1 1
github.com/MikeS071/contentai/cmd/new.go:81.21,83.3 1 0
github.com/MikeS071/contentai/cmd/new.go:84.2,84.40 1 1
github.com/MikeS071/contentai/cmd/new.go:84.40,84.78 1 0
github.com/MikeS071/contentai/cmd/new.go:86.2,87.16 2 1
github.com/MikeS071/contentai/cmd/new.go:87.16,89.3 1 0
github.com/MikeS071/contentai/cmd/new.go:90.2,91.40 2 1
github.com/MikeS071/contentai/cmd/new.go:91.40,93.3 1 0
github.com/MikeS071/contentai/cmd/new.go:94.2,94.31 1 1
github.com/MikeS071/contentai/cmd/new.go:97.49,101.29 4 1
github.com/MikeS071/contentai/cmd/new.go:101.29,102.37 1 1
github.com/MikeS071/contentai/cmd/new.go:102.37,103.24 1 1
github.com/MikeS071/contentai/cmd/new.go:103.24,105.5 1 0
github.com/MikeS071/contentai/cmd/new.go:106.4,107.12 2 1
github.com/MikeS071/contentai/cmd/new.go:109.3,109.23 1 1
github.com/MikeS071/contentai/cmd/new.go:109.23,111.4 1 1
github.com/MikeS071/contentai/cmd/new.go:113.2,113.22 1 1
github.com/MikeS071/contentai/cmd/new.go:113.22,115.3 1 1
github.com/MikeS071/contentai/cmd/new.go:116.2,116.17 1 1
github.com/MikeS071/contentai/cmd/new_cmd.go:11.33,22.55 2 1
github.com/MikeS071/contentai/cmd/new_cmd.go:22.55,24.18 2 1
github.com/MikeS071/contentai/cmd/new_cmd.go:24.18,26.5 1 0
github.com/MikeS071/contentai/cmd/new_cmd.go:27.4,28.24 2 1
github.com/MikeS071/contentai/cmd/new_cmd.go:28.24,30.5 1 0
github.com/MikeS071/contentai/cmd/new_cmd.go:32.4,35.28 4 1
github.com/MikeS071/contentai/cmd/new_cmd.go:35.28,37.5 1 1
github.com/MikeS071/contentai/cmd/new_cmd.go:39.4,39.61 1 1
github.com/MikeS071/contentai/cmd/new_cmd.go:39.61,41.5 1 0
github.com/MikeS071/contentai/cmd/new_cmd.go:42.4,42.20 1 1
github.com/MikeS071/contentai/cmd/new_cmd.go:42.20,44.19 2 1
github.com/MikeS071/contentai/cmd/new_cmd.go:44.19,46.6 1 0
github.com/MikeS071/contentai/cmd/new_cmd.go:47.5,47.61 1 1
github.com/MikeS071/contentai/cmd/new_cmd.go:47.61,49.6 1 0
github.com/MikeS071/contentai/cmd/new_cmd.go:52.4,53.14 2 1
github.com/MikeS071/contentai/cmd/new_cmd.go:57.2,59.12 3 1
github.com/MikeS071/contentai/cmd/publish.go:13.37,24.55 2 1
github.com/MikeS071/contentai/cmd/publish.go:24.55,26.18 2 1
github.com/MikeS071/contentai/cmd/publish.go:26.18,28.5 1 0
github.com/MikeS071/contentai/cmd/publish.go:30.4,31.24 2 1
github.com/MikeS071/contentai/cmd/publish.go:31.24,33.5 1 0
github.com/MikeS071/contentai/cmd/publish.go:35.4,36.18 2 1
github.com/MikeS071/contentai/cmd/publish.go:36.18,38.5 1 0
github.com/MikeS071/contentai/cmd/publish.go:40.4,49.18 3 1
github.com/MikeS071/contentai/cmd/publish.go:49.18,51.5 1 0
github.com/MikeS071/contentai/cmd/publish.go:53.4,53.18 1 1
github.com/MikeS071/contentai/cmd/publish.go:53.18,57.5 3 0
github.com/MikeS071/contentai/cmd/publish.go:59.4,60.14 2 1
github.com/MikeS071/contentai/cmd/publish.go:64.2,66.12 3 1
github.com/MikeS071/contentai/cmd/qa.go:15.32,24.55 3 1
github.com/MikeS071/contentai/cmd/qa.go:24.55,26.18 2 1
github.com/MikeS071/contentai/cmd/qa.go:26.18,28.5 1 0
github.com/MikeS071/contentai/cmd/qa.go:30.4,31.24 2 1
github.com/MikeS071/contentai/cmd/qa.go:31.24,33.5 1 0
github.com/MikeS071/contentai/cmd/qa.go:35.4,36.18 2 1
github.com/MikeS071/contentai/cmd/qa.go:36.18,38.5 1 0
github.com/MikeS071/contentai/cmd/qa.go:40.4,41.22 2 1
github.com/MikeS071/contentai/cmd/qa.go:41.22,43.5 1 0
github.com/MikeS071/contentai/cmd/qa.go:44.4,45.68 2 1
github.com/MikeS071/contentai/cmd/qa.go:45.68,47.5 1 0
github.com/MikeS071/contentai/cmd/qa.go:48.4,48.19 1 1
github.com/MikeS071/contentai/cmd/qa.go:48.19,50.5 1 0
github.com/MikeS071/contentai/cmd/qa.go:51.4,52.18 2 1
github.com/MikeS071/contentai/cmd/qa.go:52.18,54.5 1 0
github.com/MikeS071/contentai/cmd/qa.go:56.4,57.40 2 1
github.com/MikeS071/contentai/cmd/qa.go:57.40,59.5 1 0
github.com/MikeS071/contentai/cmd/qa.go:61.4,75.18 5 1
github.com/MikeS071/contentai/cmd/qa.go:75.18,77.5 1 0
github.com/MikeS071/contentai/cmd/qa.go:78.4,78.24 1 1
github.com/MikeS071/contentai/cmd/qa.go:78.24,79.107 1 1
github.com/MikeS071/contentai/cmd/qa.go:79.107,81.6 1 0
github.com/MikeS071/contentai/cmd/qa.go:84.4,85.14 2 1
github.com/MikeS071/contentai/cmd/qa.go:89.2,91.12 3 1
github.com/MikeS071/contentai/cmd/qa.go:94.58,95.39 1 1
github.com/MikeS071/contentai/cmd/qa.go:95.39,98.3 2 0
github.com/MikeS071/contentai/cmd/qa.go:100.2,105.41 5 1
github.com/MikeS071/contentai/cmd/qa.go:105.41,107.19 2 1
github.com/MikeS071/contentai/cmd/qa.go:107.19,109.4 1 1
github.com/MikeS071/contentai/cmd/qa.go:109.9,109.36 1 1
github.com/MikeS071/contentai/cmd/qa.go:109.36,111.4 1 1
github.com/MikeS071/contentai/cmd/qa.go:112.3,112.82 1 1
github.com/MikeS071/contentai/cmd/qa.go:115.2,115.42 1 1
github.com/MikeS071/contentai/cmd/qa.go:115.42,118.3 2 1
github.com/MikeS071/contentai/cmd/qa.go:121.118,122.39 1 1
github.com/MikeS071/contentai/cmd/qa.go:122.39,124.3 1 0
github.com/MikeS071/contentai/cmd/qa.go:125.2,126.16 2 1
github.com/MikeS071/contentai/cmd/qa.go:126.16,128.3 1 0
github.com/MikeS071/contentai/cmd/qa.go:129.2,133.37 4 1
github.com/MikeS071/contentai/cmd/qa.go:133.37,135.28 2 1
github.com/MikeS071/contentai/cmd/qa.go:135.28,136.12 1 1
github.com/MikeS071/contentai/cmd/qa.go:138.3,138.33 1 1
github.com/MikeS071/contentai/cmd/qa.go:138.33,141.29 3 1
github.com/MikeS071/contentai/cmd/qa.go:141.29,143.5 1 1
github.com/MikeS071/contentai/cmd/qa.go:144.4,146.55 3 1
github.com/MikeS071/contentai/cmd/qa.go:146.55,148.13 2 0
github.com/MikeS071/contentai/cmd/qa.go:150.4,151.40 2 1
github.com/MikeS071/contentai/cmd/qa.go:151.40,155.5 3 1
github.com/MikeS071/contentai/cmd/qa.go:155.10,157.5 1 0
github.com/MikeS071/contentai/cmd/qa.go:161.2,161.17 1 1
github.com/MikeS071/contentai/cmd/qa.go:161.17,162.83 1 1
github.com/MikeS071/contentai/cmd/qa.go:162.83,164.4 1 0
github.com/MikeS071/contentai/cmd/qa.go:166.2,166.39 1 1
github.com/MikeS071/contentai/cmd/root.go:10.34,36.2 16 1
github.com/MikeS071/contentai/cmd/schedule.go:12.38,20.55 2 1
github.com/MikeS071/contentai/cmd/schedule.go:20.55,22.18 2 1
github.com/MikeS071/contentai/cmd/schedule.go:22.18,24.5 1 0
github.com/MikeS071/contentai/cmd/schedule.go:26.4,27.24 2 1
github.com/MikeS071/contentai/cmd/schedule.go:27.24,29.5 1 0
github.com/MikeS071/contentai/cmd/schedule.go:30.4,33.94 3 1
github.com/MikeS071/contentai/cmd/schedule.go:33.94,35.5 1 0
github.com/MikeS071/contentai/cmd/schedule.go:36.4,36.17 1 1
github.com/MikeS071/contentai/cmd/schedule.go:36.17,37.92 1 0
github.com/MikeS071/contentai/cmd/schedule.go:37.92,39.6 1 0
github.com/MikeS071/contentai/cmd/schedule.go:40.5,41.15 2 0
github.com/MikeS071/contentai/cmd/schedule.go:44.4,45.14 2 1
github.com/MikeS071/contentai/cmd/schedule.go:49.2,50.12 2 1
github.com/MikeS071/contentai/cmd/social.go:17.36,25.55 2 1
github.com/MikeS071/contentai/cmd/social.go:25.55,27.18 2 1
github.com/MikeS071/contentai/cmd/social.go:27.18,29.5 1 0
github.com/MikeS071/contentai/cmd/social.go:31.4,32.24 2 1
github.com/MikeS071/contentai/cmd/social.go:32.24,34.5 1 0
github.com/MikeS071/contentai/cmd/social.go:36.4,37.18 2 1
github.com/MikeS071/contentai/cmd/social.go:37.18,39.5 1 0
github.com/MikeS071/contentai/cmd/social.go:41.4,42.22 2 1
github.com/MikeS071/contentai/cmd/social.go:42.22,44.5 1 0
github.com/MikeS071/contentai/cmd/social.go:45.4,46.19 2 1
github.com/MikeS071/contentai/cmd/social.go:46.19,48.5 1 0
github.com/MikeS071/contentai/cmd/social.go:50.4,51.18 2 1
github.com/MikeS071/contentai/cmd/social.go:51.18,53.5 1 0
github.com/MikeS071/contentai/cmd/social.go:55.4,64.18 4 1
github.com/MikeS071/contentai/cmd/social.go:64.18,66.5 1 0
github.com/MikeS071/contentai/cmd/social.go:68.4,69.22 2 1
github.com/MikeS071/contentai/cmd/social.go:69.22,71.5 1 0
github.com/MikeS071/contentai/cmd/social.go:72.4,72.100 1 1
github.com/MikeS071/contentai/cmd/social.go:76.2,77.12 2 1
github.com/MikeS071/contentai/cmd/social.go:80.71,86.2 5 1
github.com/MikeS071/contentai/cmd/social.go:88.146,90.6 2 1
github.com/MikeS071/contentai/cmd/social.go:90.6,95.50 4 1
github.com/MikeS071/contentai/cmd/social.go:95.50,97.4 1 0
github.com/MikeS071/contentai/cmd/social.go:98.3,98.51 1 1
github.com/MikeS071/contentai/cmd/social.go:99.24,100.37 1 1
github.com/MikeS071/contentai/cmd/social.go:101.20,102.14 1 0
github.com/MikeS071/contentai/cmd/social.go:103.12,107.55 4 0
github.com/MikeS071/contentai/cmd/social.go:107.55,109.5 1 0
github.com/MikeS071/contentai/cmd/social.go:110.4,110.37 1 0
github.com/MikeS071/contentai/cmd/social.go:110.37,112.23 2 0
github.com/MikeS071/contentai/cmd/social.go:112.23,114.6 1 0
github.com/MikeS071/contentai/cmd/social.go:116.4,116.39 1 0
github.com/MikeS071/contentai/cmd/social.go:117.24,120.8 3 0
github.com/MikeS071/contentai/cmd/social.go:120.8,124.56 4 0
github.com/MikeS071/contentai/cmd/social.go:124.56,126.6 1 0
github.com/MikeS071/contentai/cmd/social.go:127.5,127.39 1 0
github.com/MikeS071/contentai/cmd/social.go:127.39,128.11 1 0
github.com/MikeS071/contentai/cmd/social.go:130.5,131.23 2 0
github.com/MikeS071/contentai/cmd/social.go:131.23,132.11 1 0
github.com/MikeS071/contentai/cmd/social.go:135.4,136.20 2 0
github.com/MikeS071/contentai/cmd/social.go:136.20,138.23 2 0
github.com/MikeS071/contentai/cmd/social.go:138.23,140.6 1 0
github.com/MikeS071/contentai/cmd/social.go:142.4,142.39 1 0
github.com/MikeS071/contentai/cmd/social.go:143.35,145.21 2 0
github.com/MikeS071/contentai/cmd/social.go:145.21,147.5 1 0
github.com/MikeS071/contentai/cmd/social.go:148.4,149.39 2 0
github.com/MikeS071/contentai/cmd/social.go:150.11,151.39 1 0
github.com/MikeS071/contentai/cmd/templates.go:10.39,26.52 3 1
github.com/MikeS071/contentai/cmd/templates.go:26.52,29.18 3 0
github.com/MikeS071/contentai/cmd/templates.go:29.18,31.5 1 0
github.com/MikeS071/contentai/cmd/templates.go:33.4,33.41 1 0
github.com/MikeS071/contentai/cmd/templates.go:33.41,35.5 1 0
github.com/MikeS071/contentai/cmd/templates.go:36.4,36.40 1 0
github.com/MikeS071/contentai/cmd/templates.go:36.40,38.5 1 0
github.com/MikeS071/contentai/cmd/templates.go:39.4,39.14 1 0
github.com/MikeS071/contentai/cmd/templates.go:43.2,47.12 4 1
github.com/MikeS071/contentai/cmd/version.go:5.37,10.48 1 1
github.com/MikeS071/contentai/cmd/version.go:10.48,12.4 1 0
github.com/MikeS071/contentai/internal/config/config.go:141.24,169.2 1 1
github.com/MikeS071/contentai/internal/config/config.go:171.41,173.16 2 1
github.com/MikeS071/contentai/internal/config/config.go:173.16,175.3 1 1
github.com/MikeS071/contentai/internal/config/config.go:177.2,178.58 2 1
github.com/MikeS071/contentai/internal/config/config.go:178.58,180.3 1 1
github.com/MikeS071/contentai/internal/config/config.go:182.2,200.39 2 1
github.com/MikeS071/contentai/internal/config/config.go:200.39,202.3 1 0
github.com/MikeS071/contentai/internal/config/config.go:204.2,204.17 1 1
github.com/MikeS071/contentai/internal/config/config.go:207.35,208.14 1 1
github.com/MikeS071/contentai/internal/config/config.go:208.14,210.3 1 1
github.com/MikeS071/contentai/internal/config/config.go:212.2,212.45 1 1
github.com/MikeS071/contentai/internal/config/config.go:212.45,214.3 1 1
github.com/MikeS071/contentai/internal/config/config.go:216.2,216.26 1 1
github.com/MikeS071/contentai/internal/config/config.go:216.26,217.54 1 1
github.com/MikeS071/contentai/internal/config/config.go:217.54,219.4 1 1
github.com/MikeS071/contentai/internal/config/config.go:222.2,222.29 1 1
github.com/MikeS071/contentai/internal/config/config.go:222.29,223.59 1 1
github.com/MikeS071/contentai/internal/config/config.go:223.59,225.4 1 1
github.com/MikeS071/contentai/internal/config/config.go:228.2,228.26 1 1
github.com/MikeS071/contentai/internal/config/config.go:228.26,229.54 1 1
github.com/MikeS071/contentai/internal/config/config.go:229.54,231.4 1 1
github.com/MikeS071/contentai/internal/config/config.go:234.2,234.35 1 1
github.com/MikeS071/contentai/internal/config/config.go:234.35,235.64 1 1
github.com/MikeS071/contentai/internal/config/config.go:235.64,237.4 1 1
github.com/MikeS071/contentai/internal/config/config.go:240.2,240.53 1 1
github.com/MikeS071/contentai/internal/config/config.go:240.53,242.3 1 1
github.com/MikeS071/contentai/internal/config/config.go:244.2,244.12 1 1
github.com/MikeS071/contentai/internal/config/config.go:247.48,249.22 2 1
github.com/MikeS071/contentai/internal/config/config.go:249.22,251.3 1 1
github.com/MikeS071/contentai/internal/config/config.go:253.2,254.16 2 1
github.com/MikeS071/contentai/internal/config/config.go:254.16,256.3 1 1
github.com/MikeS071/contentai/internal/config/config.go:258.2,258.47 1 1
github.com/MikeS071/contentai/internal/config/config.go:261.37,280.2 2 1
github.com/MikeS071/contentai/internal/config/config.go:282.54,283.36 1 1
github.com/MikeS071/contentai/internal/config/config.go:283.36,284.43 1 1
github.com/MikeS071/contentai/internal/config/config.go:284.43,286.4 1 1
github.com/MikeS071/contentai/internal/config/config.go:289.2,289.32 1 1
github.com/MikeS071/contentai/internal/config/config.go:289.32,290.70 1 1
github.com/MikeS071/contentai/internal/config/config.go:290.70,292.4 1 1
github.com/MikeS071/contentai/internal/config/config.go:294.2,294.30 1 1
github.com/MikeS071/contentai/internal/config/config.go:294.30,295.68 1 1
github.com/MikeS071/contentai/internal/config/config.go:295.68,297.4 1 0
github.com/MikeS071/contentai/internal/config/config.go:300.2,300.12 1 1
github.com/MikeS071/contentai/internal/content/meta.go:68.38,69.36 1 1
github.com/MikeS071/contentai/internal/content/meta.go:69.36,71.3 1 1
github.com/MikeS071/contentai/internal/content/meta.go:72.2,72.12 1 1
github.com/MikeS071/contentai/internal/content/meta.go:75.40,76.16 1 1
github.com/MikeS071/contentai/internal/content/meta.go:77.106,78.14 1 1
github.com/MikeS071/contentai/internal/content/meta.go:79.10,80.15 1 1
github.com/MikeS071/contentai/internal/content/meta.go:84.48,86.28 2 1
github.com/MikeS071/contentai/internal/content/meta.go:86.28,88.3 1 1
github.com/MikeS071/contentai/internal/content/meta.go:89.2,89.20 1 1
github.com/MikeS071/contentai/internal/content/state.go:8.58,9.26 1 1
github.com/MikeS071/contentai/internal/content/state.go:9.26,11.3 1 1
github.com/MikeS071/contentai/internal/content/state.go:12.2,12.24 1 1
github.com/MikeS071/contentai/internal/content/state.go:12.24,14.3 1 1
github.com/MikeS071/contentai/internal/content/state.go:15.2,15.16 1 1
github.com/MikeS071/contentai/internal/content/state.go:15.16,17.3 1 1
github.com/MikeS071/contentai/internal/content/state.go:19.2,38.61 2 1
github.com/MikeS071/contentai/internal/content/state.go:38.61,40.3 1 1
github.com/MikeS071/contentai/internal/content/state.go:41.2,41.45 1 1
github.com/MikeS071/contentai/internal/content/state.go:41.45,43.3 1 1
github.com/MikeS071/contentai/internal/content/state.go:44.2,44.61 1 1
github.com/MikeS071/contentai/internal/content/state.go:47.71,49.16 2 1
github.com/MikeS071/contentai/internal/content/state.go:49.16,51.3 1 0
github.com/MikeS071/contentai/internal/content/state.go:52.2,52.65 1 1
github.com/MikeS071/contentai/internal/content/state.go:52.65,54.3 1 1
github.com/MikeS071/contentai/internal/content/state.go:55.2,57.54 3 1
github.com/MikeS071/contentai/internal/content/state.go:57.54,60.3 2 1
github.com/MikeS071/contentai/internal/content/state.go:61.2,61.33 1 1
github.com/MikeS071/contentai/internal/content/store.go:26.41,28.2 1 1
github.com/MikeS071/contentai/internal/content/store.go:30.50,31.43 1 1
github.com/MikeS071/contentai/internal/content/store.go:31.43,33.3 1 1
github.com/MikeS071/contentai/internal/content/store.go:35.2,36.20 2 1
github.com/MikeS071/contentai/internal/content/store.go:36.20,38.3 1 1
github.com/MikeS071/contentai/internal/content/store.go:39.2,39.48 1 1
github.com/MikeS071/contentai/internal/content/store.go:39.48,41.3 1 1
github.com/MikeS071/contentai/internal/content/store.go:43.2,51.76 3 1
github.com/MikeS071/contentai/internal/content/store.go:51.76,53.3 1 0
github.com/MikeS071/contentai/internal/content/store.go:54.2,54.86 1 1
github.com/MikeS071/contentai/internal/content/store.go:54.86,56.3 1 0
github.com/MikeS071/contentai/internal/content/store.go:57.2,57.87 1 1
github.com/MikeS071/contentai/internal/content/store.go:57.87,59.3 1 0
github.com/MikeS071/contentai/internal/content/store.go:60.2,60.12 1 1
github.com/MikeS071/contentai/internal/content/store.go:63.49,65.88 2 1
github.com/MikeS071/contentai/internal/content/store.go:65.88,66.37 1 1
github.com/MikeS071/contentai/internal/content/store.go:66.37,68.4 1 1
github.com/MikeS071/contentai/internal/content/store.go:69.3,69.18 1 1
github.com/MikeS071/contentai/internal/content/store.go:71.2,71.19 1 1
github.com/MikeS071/contentai/internal/content/store.go:74.60,76.16 2 1
github.com/MikeS071/contentai/internal/content/store.go:76.16,77.37 1 1
github.com/MikeS071/contentai/internal/content/store.go:77.37,79.4 1 0
github.com/MikeS071/contentai/internal/content/store.go:80.3,80.54 1 1
github.com/MikeS071/contentai/internal/content/store.go:83.2,84.32 2 1
github.com/MikeS071/contentai/internal/content/store.go:84.32,85.21 1 1
github.com/MikeS071/contentai/internal/content/store.go:85.21,86.12 1 0
github.com/MikeS071/contentai/internal/content/store.go:88.3,89.44 2 1
github.com/MikeS071/contentai/internal/content/store.go:89.44,90.12 1 0
github.com/MikeS071/contentai/internal/content/store.go:93.3,94.17 2 1
github.com/MikeS071/contentai/internal/content/store.go:94.17,95.35 1 1
github.com/MikeS071/contentai/internal/content/store.go:95.35,96.13 1 1
github.com/MikeS071/contentai/internal/content/store.go:98.4,98.19 1 1
github.com/MikeS071/contentai/internal/content/store.go:100.3,100.58 1 1
github.com/MikeS071/contentai/internal/content/store.go:100.58,101.12 1 1
github.com/MikeS071/contentai/internal/content/store.go:103.3,103.31 1 1
github.com/MikeS071/contentai/internal/content/store.go:106.2,106.40 1 1
github.com/MikeS071/contentai/internal/content/store.go:106.40,108.3 1 1
github.com/MikeS071/contentai/internal/content/store.go:110.2,110.19 1 1
github.com/MikeS071/contentai/internal/content/store.go:113.59,114.43 1 1
github.com/MikeS071/contentai/internal/content/store.go:114.43,116.3 1 0
github.com/MikeS071/contentai/internal/content/store.go:117.2,117.17 1 1
github.com/MikeS071/contentai/internal/content/store.go:117.17,119.3 1 1
github.com/MikeS071/contentai/internal/content/store.go:120.2,120.23 1 1
github.com/MikeS071/contentai/internal/content/store.go:120.23,122.3 1 1
github.com/MikeS071/contentai/internal/content/store.go:123.2,123.33 1 1
github.com/MikeS071/contentai/internal/content/store.go:123.33,125.3 1 1
github.com/MikeS071/contentai/internal/content/store.go:126.2,126.72 1 1
github.com/MikeS071/contentai/internal/content/store.go:129.58,131.16 2 1
github.com/MikeS071/contentai/internal/content/store.go:131.16,132.37 1 1
github.com/MikeS071/contentai/internal/content/store.go:132.37,134.4 1 1
github.com/MikeS071/contentai/internal/content/store.go:135.3,135.52 1 1
github.com/MikeS071/contentai/internal/content/store.go:137.2,137.29 1 1
github.com/MikeS071/contentai/internal/content/store.go:140.58,141.110 1 1
github.com/MikeS071/contentai/internal/content/store.go:141.110,143.3 1 1
github.com/MikeS071/contentai/internal/content/store.go:144.2,144.12 1 1
github.com/MikeS071/contentai/internal/content/store.go:147.62,149.92 2 1
github.com/MikeS071/contentai/internal/content/store.go:149.92,150.37 1 1
github.com/MikeS071/contentai/internal/content/store.go:150.37,152.4 1 1
github.com/MikeS071/contentai/internal/content/store.go:153.3,153.18 1 1
github.com/MikeS071/contentai/internal/content/store.go:155.2,155.21 1 1
github.com/MikeS071/contentai/internal/content/store.go:158.68,159.19 1 1
github.com/MikeS071/contentai/internal/content/store.go:159.19,161.3 1 1
github.com/MikeS071/contentai/internal/content/store.go:162.2,162.76 1 1
github.com/MikeS071/contentai/internal/content/store.go:165.54,167.84 2 1
github.com/MikeS071/contentai/internal/content/store.go:167.84,168.37 1 1
github.com/MikeS071/contentai/internal/content/store.go:168.37,170.4 1 1
github.com/MikeS071/contentai/internal/content/store.go:171.3,171.18 1 1
github.com/MikeS071/contentai/internal/content/store.go:173.2,173.17 1 1
github.com/MikeS071/contentai/internal/content/store.go:176.56,177.15 1 1
github.com/MikeS071/contentai/internal/content/store.go:177.15,179.3 1 1
github.com/MikeS071/contentai/internal/content/store.go:180.2,180.68 1 1
github.com/MikeS071/contentai/internal/content/store.go:183.42,186.2 2 1
github.com/MikeS071/contentai/internal/content/store.go:188.46,190.2 1 1
github.com/MikeS071/contentai/internal/content/store.go:192.54,194.2 1 1
github.com/MikeS071/contentai/internal/content/store.go:196.45,198.2 1 1
github.com/MikeS071/contentai/internal/content/store.go:200.57,202.16 2 1
github.com/MikeS071/contentai/internal/content/store.go:202.16,204.3 1 1
github.com/MikeS071/contentai/internal/content/store.go:205.2,205.56 1 1
github.com/MikeS071/contentai/internal/content/store.go:205.56,207.3 1 1
github.com/MikeS071/contentai/internal/content/store.go:208.2,208.12 1 1
github.com/MikeS071/contentai/internal/content/store.go:211.59,212.63 1 1
github.com/MikeS071/contentai/internal/content/store.go:212.63,214.3 1 0
github.com/MikeS071/contentai/internal/content/store.go:215.2,216.16 2 1
github.com/MikeS071/contentai/internal/content/store.go:216.16,218.3 1 0
github.com/MikeS071/contentai/internal/content/store.go:219.2,220.59 2 1
github.com/MikeS071/contentai/internal/content/store.go:220.59,222.3 1 1
github.com/MikeS071/contentai/internal/content/store.go:223.2,223.12 1 1
github.com/MikeS071/contentai/internal/draft/context.go:23.101,24.18 1 1
github.com/MikeS071/contentai/internal/draft/context.go:24.18,26.3 1 0
github.com/MikeS071/contentai/internal/draft/context.go:27.2,27.51 1 1
github.com/MikeS071/contentai/internal/draft/context.go:27.51,29.3 1 0
github.com/MikeS071/contentai/internal/draft/context.go:31.2,33.16 3 1
github.com/MikeS071/contentai/internal/draft/context.go:33.16,35.3 1 1
github.com/MikeS071/contentai/internal/draft/context.go:37.2,39.39 3 1
github.com/MikeS071/contentai/internal/draft/context.go:39.39,41.3 1 0
github.com/MikeS071/contentai/internal/draft/context.go:43.2,44.16 2 1
github.com/MikeS071/contentai/internal/draft/context.go:44.16,46.3 1 0
github.com/MikeS071/contentai/internal/draft/context.go:48.2,49.16 2 1
github.com/MikeS071/contentai/internal/draft/context.go:49.16,51.3 1 0
github.com/MikeS071/contentai/internal/draft/context.go:53.2,54.16 2 1
github.com/MikeS071/contentai/internal/draft/context.go:54.16,56.3 1 0
github.com/MikeS071/contentai/internal/draft/context.go:58.2,59.41 2 1
github.com/MikeS071/contentai/internal/draft/context.go:59.41,61.17 2 1
github.com/MikeS071/contentai/internal/draft/context.go:61.17,63.4 1 0
github.com/MikeS071/contentai/internal/draft/context.go:64.3,64.42 1 1
github.com/MikeS071/contentai/internal/draft/context.go:67.2,75.8 1 1
github.com/MikeS071/contentai/internal/draft/context.go:78.38,80.16 2 1
github.com/MikeS071/contentai/internal/draft/context.go:80.16,82.3 1 1
github.com/MikeS071/contentai/internal/draft/context.go:83.2,85.13 3 1
github.com/MikeS071/contentai/internal/draft/context.go:85.13,87.3 1 0
github.com/MikeS071/contentai/internal/draft/context.go:88.2,89.15 2 1
github.com/MikeS071/contentai/internal/draft/context.go:89.15,91.3 1 0
github.com/MikeS071/contentai/internal/draft/context.go:92.2,93.19 2 1
github.com/MikeS071/contentai/internal/draft/context.go:93.19,95.3 1 0
github.com/MikeS071/contentai/internal/draft/context.go:96.2,96.16 1 1
github.com/MikeS071/contentai/internal/draft/context.go:99.36,101.19 2 1
github.com/MikeS071/contentai/internal/draft/context.go:101.19,104.46 3 1
github.com/MikeS071/contentai/internal/draft/context.go:104.46,107.4 2 0
github.com/MikeS071/contentai/internal/draft/context.go:108.3,108.47 1 1
github.com/MikeS071/contentai/internal/draft/context.go:108.47,111.4 2 0
github.com/MikeS071/contentai/internal/draft/context.go:113.2,113.40 1 1
github.com/MikeS071/contentai/internal/draft/context.go:113.40,116.3 2 1
github.com/MikeS071/contentai/internal/draft/context.go:117.2,117.38 1 1
github.com/MikeS071/contentai/internal/draft/context.go:120.37,125.42 4 1
github.com/MikeS071/contentai/internal/draft/context.go:125.42,128.3 2 1
github.com/MikeS071/contentai/internal/draft/context.go:130.2,130.19 1 1
github.com/MikeS071/contentai/internal/draft/context.go:130.19,136.46 6 1
github.com/MikeS071/contentai/internal/draft/context.go:136.46,139.4 2 0
github.com/MikeS071/contentai/internal/draft/context.go:140.3,140.47 1 1
github.com/MikeS071/contentai/internal/draft/context.go:140.47,143.4 2 0
github.com/MikeS071/contentai/internal/draft/context.go:144.3,145.39 2 1
github.com/MikeS071/contentai/internal/draft/context.go:148.2,148.40 1 1
github.com/MikeS071/contentai/internal/draft/context.go:148.40,151.3 2 1
github.com/MikeS071/contentai/internal/draft/context.go:153.2,153.25 1 1
github.com/MikeS071/contentai/internal/draft/context.go:153.25,155.33 2 1
github.com/MikeS071/contentai/internal/draft/context.go:155.33,158.4 2 1
github.com/MikeS071/contentai/internal/draft/context.go:161.2,161.39 1 1
github.com/MikeS071/contentai/internal/draft/context.go:161.39,164.3 2 1
github.com/MikeS071/contentai/internal/draft/context.go:166.2,166.45 1 1
github.com/MikeS071/contentai/internal/draft/context.go:166.45,169.3 2 0
github.com/MikeS071/contentai/internal/draft/context.go:171.2,171.38 1 1
github.com/MikeS071/contentai/internal/draft/context.go:174.57,176.16 2 1
github.com/MikeS071/contentai/internal/draft/context.go:176.16,177.25 1 0
github.com/MikeS071/contentai/internal/draft/context.go:177.25,179.4 1 0
github.com/MikeS071/contentai/internal/draft/context.go:180.3,180.73 1 0
github.com/MikeS071/contentai/internal/draft/context.go:182.2,182.42 1 1
github.com/MikeS071/contentai/internal/draft/context.go:182.42,182.90 1 1
github.com/MikeS071/contentai/internal/draft/context.go:184.2,185.32 2 1
github.com/MikeS071/contentai/internal/draft/context.go:185.32,186.59 1 1
github.com/MikeS071/contentai/internal/draft/context.go:186.59,187.12 1 0
github.com/MikeS071/contentai/internal/draft/context.go:189.3,191.17 3 1
github.com/MikeS071/contentai/internal/draft/context.go:191.17,193.4 1 0
github.com/MikeS071/contentai/internal/draft/context.go:194.3,195.20 2 1
github.com/MikeS071/contentai/internal/draft/context.go:195.20,197.4 1 1
github.com/MikeS071/contentai/internal/draft/context.go:199.2,199.22 1 1
github.com/MikeS071/contentai/internal/draft/drafter.go:41.66,42.20 1 1
github.com/MikeS071/contentai/internal/draft/drafter.go:42.20,44.3 1 1
github.com/MikeS071/contentai/internal/draft/drafter.go:45.2,45.18 1 1
github.com/MikeS071/contentai/internal/draft/drafter.go:45.18,47.3 1 1
github.com/MikeS071/contentai/internal/draft/drafter.go:48.2,48.24 1 1
github.com/MikeS071/contentai/internal/draft/drafter.go:48.24,50.3 1 1
github.com/MikeS071/contentai/internal/draft/drafter.go:51.2,52.16 2 1
github.com/MikeS071/contentai/internal/draft/drafter.go:52.16,54.3 1 1
github.com/MikeS071/contentai/internal/draft/drafter.go:56.2,57.16 2 1
github.com/MikeS071/contentai/internal/draft/drafter.go:57.16,59.3 1 0
github.com/MikeS071/contentai/internal/draft/drafter.go:61.2,62.16 2 1
github.com/MikeS071/contentai/internal/draft/drafter.go:62.16,64.3 1 0
github.com/MikeS071/contentai/internal/draft/drafter.go:65.2,66.16 2 1
github.com/MikeS071/contentai/internal/draft/drafter.go:66.16,68.3 1 0
github.com/MikeS071/contentai/internal/draft/drafter.go:70.2,71.16 2 1
github.com/MikeS071/contentai/internal/draft/drafter.go:71.16,73.3 1 0
github.com/MikeS071/contentai/internal/draft/drafter.go:75.2,84.16 2 1
github.com/MikeS071/contentai/internal/draft/drafter.go:84.16,86.3 1 0
github.com/MikeS071/contentai/internal/draft/drafter.go:88.2,92.16 2 1
github.com/MikeS071/contentai/internal/draft/drafter.go:92.16,94.3 1 0
github.com/MikeS071/contentai/internal/draft/drafter.go:96.2,97.65 2 1
github.com/MikeS071/contentai/internal/draft/drafter.go:97.65,99.3 1 0
github.com/MikeS071/contentai/internal/draft/drafter.go:101.2,102.16 2 1
github.com/MikeS071/contentai/internal/draft/drafter.go:102.16,104.3 1 0
github.com/MikeS071/contentai/internal/draft/drafter.go:105.2,107.55 3 1
github.com/MikeS071/contentai/internal/draft/drafter.go:107.55,109.3 1 0
github.com/MikeS071/contentai/internal/draft/drafter.go:111.2,111.12 1 1
github.com/MikeS071/contentai/internal/draft/drafter.go:114.135,119.16 2 1
github.com/MikeS071/contentai/internal/draft/drafter.go:119.16,121.3 1 0
github.com/MikeS071/contentai/internal/draft/drafter.go:123.2,123.18 1 1
github.com/MikeS071/contentai/internal/draft/drafter.go:123.18,128.17 2 1
github.com/MikeS071/contentai/internal/draft/drafter.go:128.17,130.4 1 0
github.com/MikeS071/contentai/internal/draft/drafter.go:131.3,131.46 1 1
github.com/MikeS071/contentai/internal/draft/drafter.go:134.2,134.58 1 1
github.com/MikeS071/contentai/internal/draft/drafter.go:137.121,140.18 3 1
github.com/MikeS071/contentai/internal/draft/drafter.go:140.18,142.3 1 0
github.com/MikeS071/contentai/internal/draft/drafter.go:143.2,143.19 1 1
github.com/MikeS071/contentai/internal/draft/drafter.go:143.19,145.3 1 0
github.com/MikeS071/contentai/internal/draft/drafter.go:147.2,157.37 6 1
github.com/MikeS071/contentai/internal/draft/drafter.go:157.37,159.17 2 1
github.com/MikeS071/contentai/internal/draft/drafter.go:159.17,161.4 1 0
github.com/MikeS071/contentai/internal/draft/drafter.go:162.3,163.22 2 1
github.com/MikeS071/contentai/internal/draft/drafter.go:163.22,165.4 1 0
github.com/MikeS071/contentai/internal/draft/drafter.go:167.3,169.73 3 1
github.com/MikeS071/contentai/internal/draft/drafter.go:169.73,171.4 1 1
github.com/MikeS071/contentai/internal/draft/drafter.go:173.3,174.22 2 1
github.com/MikeS071/contentai/internal/draft/drafter.go:174.22,175.9 1 0
github.com/MikeS071/contentai/internal/draft/drafter.go:177.3,178.88 2 1
github.com/MikeS071/contentai/internal/draft/drafter.go:178.88,179.9 1 1
github.com/MikeS071/contentai/internal/draft/drafter.go:181.3,181.70 1 1
github.com/MikeS071/contentai/internal/draft/drafter.go:184.2,186.16 3 1
github.com/MikeS071/contentai/internal/draft/drafter.go:186.16,188.3 1 0
github.com/MikeS071/contentai/internal/draft/drafter.go:189.2,189.45 1 1
github.com/MikeS071/contentai/internal/draft/drafter.go:192.63,194.17 2 1
github.com/MikeS071/contentai/internal/draft/drafter.go:194.17,196.3 1 1
github.com/MikeS071/contentai/internal/draft/drafter.go:197.2,201.3 1 1
github.com/MikeS071/contentai/internal/draft/drafter.go:204.74,206.16 2 1
github.com/MikeS071/contentai/internal/draft/drafter.go:206.16,208.3 1 0
github.com/MikeS071/contentai/internal/draft/drafter.go:209.2,210.44 2 1
github.com/MikeS071/contentai/internal/draft/drafter.go:210.44,212.3 1 0
github.com/MikeS071/contentai/internal/draft/drafter.go:213.2,213.24 1 1
github.com/MikeS071/contentai/internal/ideas/generator.go:51.142,52.20 1 1
github.com/MikeS071/contentai/internal/ideas/generator.go:52.20,54.3 1 0
github.com/MikeS071/contentai/internal/ideas/generator.go:55.2,55.16 1 1
github.com/MikeS071/contentai/internal/ideas/generator.go:55.16,57.3 1 0
github.com/MikeS071/contentai/internal/ideas/generator.go:58.2,58.25 1 1
github.com/MikeS071/contentai/internal/ideas/generator.go:58.25,60.3 1 0
github.com/MikeS071/contentai/internal/ideas/generator.go:61.2,68.3 1 1
github.com/MikeS071/contentai/internal/ideas/generator.go:71.92,72.14 1 1
github.com/MikeS071/contentai/internal/ideas/generator.go:72.14,74.3 1 0
github.com/MikeS071/contentai/internal/ideas/generator.go:75.2,75.18 1 1
github.com/MikeS071/contentai/internal/ideas/generator.go:75.18,77.3 1 0
github.com/MikeS071/contentai/internal/ideas/generator.go:79.2,80.16 2 1
github.com/MikeS071/contentai/internal/ideas/generator.go:80.16,82.3 1 0
github.com/MikeS071/contentai/internal/ideas/generator.go:84.2,85.17 2 1
github.com/MikeS071/contentai/internal/ideas/generator.go:85.17,87.17 2 1
github.com/MikeS071/contentai/internal/ideas/generator.go:87.17,89.4 1 0
github.com/MikeS071/contentai/internal/ideas/generator.go:90.3,90.45 1 1
github.com/MikeS071/contentai/internal/ideas/generator.go:93.2,94.16 2 1
github.com/MikeS071/contentai/internal/ideas/generator.go:94.16,96.3 1 0
github.com/MikeS071/contentai/internal/ideas/generator.go:97.2,100.28 3 1
github.com/MikeS071/contentai/internal/ideas/generator.go:100.28,102.3 1 0
github.com/MikeS071/contentai/internal/ideas/generator.go:104.2,105.16 2 1
github.com/MikeS071/contentai/internal/ideas/generator.go:105.16,107.3 1 0
github.com/MikeS071/contentai/internal/ideas/generator.go:108.2,111.16 3 1
github.com/MikeS071/contentai/internal/ideas/generator.go:111.16,113.3 1 0
github.com/MikeS071/contentai/internal/ideas/generator.go:115.2,116.27 2 1
github.com/MikeS071/contentai/internal/ideas/generator.go:116.27,118.3 1 1
github.com/MikeS071/contentai/internal/ideas/generator.go:119.2,119.24 1 1
github.com/MikeS071/contentai/internal/ideas/generator.go:119.24,121.3 1 0
github.com/MikeS071/contentai/internal/ideas/generator.go:122.2,122.22 1 1
github.com/MikeS071/contentai/internal/ideas/generator.go:125.67,126.24 1 1
github.com/MikeS071/contentai/internal/ideas/generator.go:126.24,128.3 1 0
github.com/MikeS071/contentai/internal/ideas/generator.go:129.2,130.18 2 1
github.com/MikeS071/contentai/internal/ideas/generator.go:130.18,132.3 1 1
github.com/MikeS071/contentai/internal/ideas/generator.go:133.2,136.53 3 1
github.com/MikeS071/contentai/internal/ideas/generator.go:136.53,138.3 1 0
github.com/MikeS071/contentai/internal/ideas/generator.go:139.2,146.32 6 1
github.com/MikeS071/contentai/internal/ideas/generator.go:146.32,153.39 7 1
github.com/MikeS071/contentai/internal/ideas/generator.go:153.39,157.4 3 1
github.com/MikeS071/contentai/internal/ideas/generator.go:158.3,158.33 1 1
github.com/MikeS071/contentai/internal/ideas/generator.go:158.33,160.4 1 0
github.com/MikeS071/contentai/internal/ideas/generator.go:161.3,162.45 2 1
github.com/MikeS071/contentai/internal/ideas/generator.go:162.45,166.4 3 1
github.com/MikeS071/contentai/internal/ideas/generator.go:167.3,167.37 1 1
github.com/MikeS071/contentai/internal/ideas/generator.go:167.37,169.4 1 0
github.com/MikeS071/contentai/internal/ideas/generator.go:170.3,170.22 1 1
github.com/MikeS071/contentai/internal/ideas/generator.go:173.2,173.94 1 1
github.com/MikeS071/contentai/internal/ideas/generator.go:173.94,175.3 1 0
github.com/MikeS071/contentai/internal/ideas/generator.go:176.2,176.18 1 1
github.com/MikeS071/contentai/internal/ideas/generator.go:179.100,180.24 1 1
github.com/MikeS071/contentai/internal/ideas/generator.go:180.24,182.3 1 0
github.com/MikeS071/contentai/internal/ideas/generator.go:183.2,183.32 1 1
github.com/MikeS071/contentai/internal/ideas/generator.go:183.32,185.3 1 1
github.com/MikeS071/contentai/internal/ideas/generator.go:186.2,190.33 4 1
github.com/MikeS071/contentai/internal/ideas/generator.go:190.33,192.3 1 0
github.com/MikeS071/contentai/internal/ideas/generator.go:193.2,194.16 2 1
github.com/MikeS071/contentai/internal/ideas/generator.go:194.16,196.3 1 0
github.com/MikeS071/contentai/internal/ideas/generator.go:197.2,198.16 2 1
github.com/MikeS071/contentai/internal/ideas/generator.go:198.16,200.3 1 0
github.com/MikeS071/contentai/internal/ideas/generator.go:201.2,201.15 1 1
github.com/MikeS071/contentai/internal/ideas/generator.go:201.15,203.3 1 0
github.com/MikeS071/contentai/internal/ideas/generator.go:204.2,204.38 1 1
github.com/MikeS071/contentai/internal/ideas/generator.go:204.38,206.3 1 0
github.com/MikeS071/contentai/internal/ideas/generator.go:208.2,210.63 3 1
github.com/MikeS071/contentai/internal/ideas/generator.go:210.63,212.3 1 0
github.com/MikeS071/contentai/internal/ideas/generator.go:213.2,213.86 1 1
github.com/MikeS071/contentai/internal/ideas/generator.go:213.86,215.3 1 0
github.com/MikeS071/contentai/internal/ideas/generator.go:216.2,217.18 2 1
github.com/MikeS071/contentai/internal/ideas/generator.go:220.63,222.61 2 1
github.com/MikeS071/contentai/internal/ideas/generator.go:222.61,224.3 1 1
github.com/MikeS071/contentai/internal/ideas/generator.go:225.2,228.16 3 1
github.com/MikeS071/contentai/internal/ideas/generator.go:228.16,230.3 1 0
github.com/MikeS071/contentai/internal/ideas/generator.go:231.2,232.16 2 1
github.com/MikeS071/contentai/internal/ideas/generator.go:232.16,234.3 1 0
github.com/MikeS071/contentai/internal/ideas/generator.go:235.2,236.21 2 1
github.com/MikeS071/contentai/internal/ideas/generator.go:236.21,238.3 1 1
github.com/MikeS071/contentai/internal/ideas/generator.go:240.2,240.40 1 1
github.com/MikeS071/contentai/internal/ideas/generator.go:240.40,242.3 1 1
github.com/MikeS071/contentai/internal/ideas/generator.go:243.2,243.37 1 1
github.com/MikeS071/contentai/internal/ideas/generator.go:243.37,245.3 1 0
github.com/MikeS071/contentai/internal/ideas/generator.go:247.2,248.26 2 1
github.com/MikeS071/contentai/internal/ideas/generator.go:248.26,250.17 2 1
github.com/MikeS071/contentai/internal/ideas/generator.go:250.17,252.4 1 0
github.com/MikeS071/contentai/internal/ideas/generator.go:253.3,254.20 2 1
github.com/MikeS071/contentai/internal/ideas/generator.go:254.20,255.12 1 0
github.com/MikeS071/contentai/internal/ideas/generator.go:257.3,261.22 5 1
github.com/MikeS071/contentai/internal/ideas/generator.go:263.2,263.43 1 1
github.com/MikeS071/contentai/internal/ideas/generator.go:271.69,272.41 1 1
github.com/MikeS071/contentai/internal/ideas/generator.go:272.41,273.25 1 1
github.com/MikeS071/contentai/internal/ideas/generator.go:273.25,275.4 1 1
github.com/MikeS071/contentai/internal/ideas/generator.go:276.3,276.18 1 0
github.com/MikeS071/contentai/internal/ideas/generator.go:279.2,280.15 2 1
github.com/MikeS071/contentai/internal/ideas/generator.go:280.15,281.83 1 1
github.com/MikeS071/contentai/internal/ideas/generator.go:281.83,282.18 1 1
github.com/MikeS071/contentai/internal/ideas/generator.go:282.18,284.5 1 0
github.com/MikeS071/contentai/internal/ideas/generator.go:285.4,285.17 1 1
github.com/MikeS071/contentai/internal/ideas/generator.go:285.17,287.5 1 1
github.com/MikeS071/contentai/internal/ideas/generator.go:288.4,288.35 1 1
github.com/MikeS071/contentai/internal/ideas/generator.go:288.35,290.5 1 0
github.com/MikeS071/contentai/internal/ideas/generator.go:291.4,292.18 2 1
github.com/MikeS071/contentai/internal/ideas/generator.go:292.18,294.5 1 0
github.com/MikeS071/contentai/internal/ideas/generator.go:295.4,296.14 2 1
github.com/MikeS071/contentai/internal/ideas/generator.go:298.3,298.20 1 1
github.com/MikeS071/contentai/internal/ideas/generator.go:301.2,302.16 2 1
github.com/MikeS071/contentai/internal/ideas/generator.go:302.16,304.3 1 0
github.com/MikeS071/contentai/internal/ideas/generator.go:305.2,305.32 1 1
github.com/MikeS071/contentai/internal/ideas/generator.go:305.32,306.59 1 1
github.com/MikeS071/contentai/internal/ideas/generator.go:306.59,307.12 1 0
github.com/MikeS071/contentai/internal/ideas/generator.go:309.3,310.17 2 1
github.com/MikeS071/contentai/internal/ideas/generator.go:310.17,312.4 1 0
github.com/MikeS071/contentai/internal/ideas/generator.go:313.3,313.96 1 1
github.com/MikeS071/contentai/internal/ideas/generator.go:315.2,315.19 1 1
github.com/MikeS071/contentai/internal/ideas/outline.go:12.42,15.31 3 1
github.com/MikeS071/contentai/internal/ideas/outline.go:15.31,24.23 2 1
github.com/MikeS071/contentai/internal/ideas/outline.go:24.23,26.4 1 1
github.com/MikeS071/contentai/internal/ideas/outline.go:28.2,28.12 1 1
github.com/MikeS071/contentai/internal/ideas/outline.go:31.39,35.29 4 1
github.com/MikeS071/contentai/internal/ideas/outline.go:35.29,36.60 1 1
github.com/MikeS071/contentai/internal/ideas/outline.go:36.60,37.24 1 1
github.com/MikeS071/contentai/internal/ideas/outline.go:37.24,39.5 1 1
github.com/MikeS071/contentai/internal/ideas/outline.go:40.4,41.12 2 1
github.com/MikeS071/contentai/internal/ideas/outline.go:43.3,43.23 1 1
github.com/MikeS071/contentai/internal/ideas/outline.go:43.23,45.4 1 1
github.com/MikeS071/contentai/internal/ideas/outline.go:47.2,47.22 1 1
github.com/MikeS071/contentai/internal/ideas/outline.go:47.22,49.3 1 1
github.com/MikeS071/contentai/internal/ideas/outline.go:50.2,50.15 1 1
github.com/MikeS071/contentai/internal/ideas/outline.go:53.56,58.29 5 1
github.com/MikeS071/contentai/internal/ideas/outline.go:58.29,60.24 2 1
github.com/MikeS071/contentai/internal/ideas/outline.go:60.24,62.12 2 1
github.com/MikeS071/contentai/internal/ideas/outline.go:64.3,64.52 1 1
github.com/MikeS071/contentai/internal/ideas/outline.go:64.52,65.9 1 1
github.com/MikeS071/contentai/internal/ideas/outline.go:67.3,67.31 1 1
github.com/MikeS071/contentai/internal/ideas/outline.go:67.31,69.4 1 1
github.com/MikeS071/contentai/internal/ideas/outline.go:71.2,71.52 1 1
github.com/MikeS071/contentai/internal/ideas/outline.go:74.57,79.29 5 1
github.com/MikeS071/contentai/internal/ideas/outline.go:79.29,81.24 2 1
github.com/MikeS071/contentai/internal/ideas/outline.go:81.24,83.12 2 1
github.com/MikeS071/contentai/internal/ideas/outline.go:85.3,85.52 1 1
github.com/MikeS071/contentai/internal/ideas/outline.go:85.52,86.9 1 1
github.com/MikeS071/contentai/internal/ideas/outline.go:88.3,88.50 1 1
github.com/MikeS071/contentai/internal/ideas/outline.go:88.50,90.4 1 1
github.com/MikeS071/contentai/internal/ideas/outline.go:92.2,92.14 1 1
github.com/MikeS071/contentai/internal/ideas/outline.go:95.46,104.35 9 1
github.com/MikeS071/contentai/internal/ideas/outline.go:104.35,108.3 3 0
github.com/MikeS071/contentai/internal/ideas/outline.go:109.2,109.29 1 1
github.com/MikeS071/contentai/internal/ideas/outline.go:109.29,111.3 1 1
github.com/MikeS071/contentai/internal/ideas/outline.go:112.2,113.41 2 1
github.com/MikeS071/contentai/internal/ideas/outline.go:113.41,117.3 3 0
github.com/MikeS071/contentai/internal/ideas/outline.go:118.2,118.33 1 1
github.com/MikeS071/contentai/internal/ideas/outline.go:118.33,120.3 1 1
github.com/MikeS071/contentai/internal/ideas/outline.go:121.2,121.45 1 1
github.com/MikeS071/contentai/internal/ideas/outline.go:124.59,125.19 1 1
github.com/MikeS071/contentai/internal/ideas/outline.go:125.19,127.3 1 0
github.com/MikeS071/contentai/internal/ideas/outline.go:128.2,128.25 1 1
github.com/MikeS071/contentai/internal/ideas/outline.go:128.25,130.3 1 1
github.com/MikeS071/contentai/internal/ideas/outline.go:131.2,131.28 1 0
github.com/MikeS071/contentai/internal/ideas/outline.go:131.28,133.31 2 0
github.com/MikeS071/contentai/internal/ideas/outline.go:133.31,135.4 1 0
github.com/MikeS071/contentai/internal/ideas/outline.go:137.2,137.60 1 0
github.com/MikeS071/contentai/internal/ideas/outline.go:140.35,144.26 4 1
github.com/MikeS071/contentai/internal/ideas/outline.go:144.26,145.48 1 1
github.com/MikeS071/contentai/internal/ideas/outline.go:145.48,148.12 3 1
github.com/MikeS071/contentai/internal/ideas/outline.go:150.3,150.16 1 1
github.com/MikeS071/contentai/internal/ideas/outline.go:150.16,153.4 2 1
github.com/MikeS071/contentai/internal/ideas/outline.go:155.2,156.21 2 1
github.com/MikeS071/contentai/internal/ideas/outline.go:156.21,158.3 1 0
github.com/MikeS071/contentai/internal/ideas/outline.go:159.2,159.19 1 1
github.com/MikeS071/contentai/internal/ideas/outline.go:159.19,161.3 1 0
github.com/MikeS071/contentai/internal/ideas/outline.go:162.2,162.13 1 1
github.com/MikeS071/contentai/internal/init/feeds.go:15.52,16.63 1 1
github.com/MikeS071/contentai/internal/init/feeds.go:16.63,18.3 1 1
github.com/MikeS071/contentai/internal/init/feeds.go:19.2,20.16 2 1
github.com/MikeS071/contentai/internal/init/feeds.go:20.16,22.3 1 0
github.com/MikeS071/contentai/internal/init/feeds.go:23.2,23.56 1 1
github.com/MikeS071/contentai/internal/init/feeds.go:23.56,25.3 1 0
github.com/MikeS071/contentai/internal/init/feeds.go:26.2,26.12 1 1
github.com/MikeS071/contentai/internal/init/feeds.go:29.50,32.16 3 1
github.com/MikeS071/contentai/internal/init/feeds.go:32.16,34.3 1 0
github.com/MikeS071/contentai/internal/init/feeds.go:35.2,35.51 1 1
github.com/MikeS071/contentai/internal/init/feeds.go:35.51,37.3 1 1
github.com/MikeS071/contentai/internal/init/feeds.go:38.2,38.17 1 1
github.com/MikeS071/contentai/internal/init/wizard.go:42.129,52.2 1 1
github.com/MikeS071/contentai/internal/init/wizard.go:54.49,55.39 1 1
github.com/MikeS071/contentai/internal/init/wizard.go:55.39,57.3 1 1
github.com/MikeS071/contentai/internal/init/wizard.go:58.2,58.40 1 1
github.com/MikeS071/contentai/internal/init/wizard.go:58.40,60.3 1 1
github.com/MikeS071/contentai/internal/init/wizard.go:61.2,61.18 1 1
github.com/MikeS071/contentai/internal/init/wizard.go:61.18,63.3 1 1
github.com/MikeS071/contentai/internal/init/wizard.go:64.2,64.24 1 1
github.com/MikeS071/contentai/internal/init/wizard.go:64.24,66.3 1 1
github.com/MikeS071/contentai/internal/init/wizard.go:68.2,72.16 4 1
github.com/MikeS071/contentai/internal/init/wizard.go:72.16,74.3 1 0
github.com/MikeS071/contentai/internal/init/wizard.go:75.2,75.75 1 1
github.com/MikeS071/contentai/internal/init/wizard.go:75.75,77.3 1 0
github.com/MikeS071/contentai/internal/init/wizard.go:79.2,81.16 3 1
github.com/MikeS071/contentai/internal/init/wizard.go:81.16,83.3 1 1
github.com/MikeS071/contentai/internal/init/wizard.go:85.2,86.16 2 1
github.com/MikeS071/contentai/internal/init/wizard.go:86.16,88.3 1 0
github.com/MikeS071/contentai/internal/init/wizard.go:89.2,89.153 1 1
github.com/MikeS071/contentai/internal/init/wizard.go:89.153,91.3 1 0
github.com/MikeS071/contentai/internal/init/wizard.go:93.2,94.16 2 1
github.com/MikeS071/contentai/internal/init/wizard.go:94.16,96.3 1 0
github.com/MikeS071/contentai/internal/init/wizard.go:97.2,97.145 1 1
github.com/MikeS071/contentai/internal/init/wizard.go:97.145,99.3 1 0
github.com/MikeS071/contentai/internal/init/wizard.go:101.2,101.67 1 1
github.com/MikeS071/contentai/internal/init/wizard.go:101.67,103.3 1 0
github.com/MikeS071/contentai/internal/init/wizard.go:104.2,104.42 1 1
github.com/MikeS071/contentai/internal/init/wizard.go:104.42,106.3 1 0
github.com/MikeS071/contentai/internal/init/wizard.go:108.2,109.16 2 1
github.com/MikeS071/contentai/internal/init/wizard.go:109.16,111.3 1 0
github.com/MikeS071/contentai/internal/init/wizard.go:112.2,112.131 1 1
github.com/MikeS071/contentai/internal/init/wizard.go:112.131,114.3 1 0
github.com/MikeS071/contentai/internal/init/wizard.go:115.2,115.12 1 1
github.com/MikeS071/contentai/internal/init/wizard.go:118.64,121.16 3 1
github.com/MikeS071/contentai/internal/init/wizard.go:121.16,123.3 1 1
github.com/MikeS071/contentai/internal/init/wizard.go:125.2,125.47 1 1
github.com/MikeS071/contentai/internal/init/wizard.go:125.47,126.22 1 1
github.com/MikeS071/contentai/internal/init/wizard.go:126.22,128.4 1 1
github.com/MikeS071/contentai/internal/init/wizard.go:128.9,130.4 1 0
github.com/MikeS071/contentai/internal/init/wizard.go:132.2,132.53 1 1
github.com/MikeS071/contentai/internal/init/wizard.go:132.53,134.3 1 0
github.com/MikeS071/contentai/internal/init/wizard.go:135.2,135.47 1 1
github.com/MikeS071/contentai/internal/init/wizard.go:135.47,137.3 1 1
github.com/MikeS071/contentai/internal/init/wizard.go:138.2,138.44 1 1
github.com/MikeS071/contentai/internal/init/wizard.go:138.44,140.3 1 1
github.com/MikeS071/contentai/internal/init/wizard.go:141.2,141.46 1 1
github.com/MikeS071/contentai/internal/init/wizard.go:141.46,143.3 1 1
github.com/MikeS071/contentai/internal/init/wizard.go:144.2,144.17 1 1
github.com/MikeS071/contentai/internal/init/wizard.go:147.56,155.27 2 1
github.com/MikeS071/contentai/internal/init/wizard.go:155.27,156.49 1 1
github.com/MikeS071/contentai/internal/init/wizard.go:156.49,158.4 1 0
github.com/MikeS071/contentai/internal/init/wizard.go:160.2,160.12 1 1
github.com/MikeS071/contentai/internal/init/wizard.go:163.96,166.16 3 1
github.com/MikeS071/contentai/internal/init/wizard.go:166.16,168.3 1 0
github.com/MikeS071/contentai/internal/init/wizard.go:170.2,171.34 2 1
github.com/MikeS071/contentai/internal/init/wizard.go:171.34,174.10 3 1
github.com/MikeS071/contentai/internal/init/wizard.go:174.10,175.9 1 0
github.com/MikeS071/contentai/internal/init/wizard.go:177.3,178.18 2 1
github.com/MikeS071/contentai/internal/init/wizard.go:178.18,179.9 1 1
github.com/MikeS071/contentai/internal/init/wizard.go:182.3,183.17 2 1
github.com/MikeS071/contentai/internal/init/wizard.go:183.17,185.4 1 1
github.com/MikeS071/contentai/internal/init/wizard.go:186.3,187.20 2 1
github.com/MikeS071/contentai/internal/init/wizard.go:187.20,188.12 1 0
github.com/MikeS071/contentai/internal/init/wizard.go:191.3,191.35 1 1
github.com/MikeS071/contentai/internal/init/wizard.go:191.35,193.4 1 0
github.com/MikeS071/contentai/internal/init/wizard.go:194.3,196.77 3 1
github.com/MikeS071/contentai/internal/init/wizard.go:196.77,198.4 1 0
github.com/MikeS071/contentai/internal/init/wizard.go:199.3,199.39 1 1
github.com/MikeS071/contentai/internal/init/wizard.go:202.2,202.23 1 1
github.com/MikeS071/contentai/internal/init/wizard.go:202.23,204.3 1 1
github.com/MikeS071/contentai/internal/init/wizard.go:205.2,205.22 1 1
github.com/MikeS071/contentai/internal/init/wizard.go:208.62,210.16 2 1
github.com/MikeS071/contentai/internal/init/wizard.go:210.16,211.37 1 0
github.com/MikeS071/contentai/internal/init/wizard.go:211.37,213.4 1 0
github.com/MikeS071/contentai/internal/init/wizard.go:214.3,214.58 1 0
github.com/MikeS071/contentai/internal/init/wizard.go:216.2,216.42 1 1
github.com/MikeS071/contentai/internal/init/wizard.go:216.42,216.90 1 0
github.com/MikeS071/contentai/internal/init/wizard.go:218.2,220.28 3 1
github.com/MikeS071/contentai/internal/init/wizard.go:220.28,221.51 1 1
github.com/MikeS071/contentai/internal/init/wizard.go:221.51,222.12 1 0
github.com/MikeS071/contentai/internal/init/wizard.go:224.3,225.59 2 1
github.com/MikeS071/contentai/internal/init/wizard.go:225.59,227.4 1 1
github.com/MikeS071/contentai/internal/init/wizard.go:228.3,229.17 2 1
github.com/MikeS071/contentai/internal/init/wizard.go:229.17,231.4 1 0
github.com/MikeS071/contentai/internal/init/wizard.go:232.3,232.64 1 1
github.com/MikeS071/contentai/internal/init/wizard.go:232.64,234.4 1 1
github.com/MikeS071/contentai/internal/init/wizard.go:236.2,236.32 1 1
github.com/MikeS071/contentai/internal/init/wizard.go:239.70,240.58 1 1
github.com/MikeS071/contentai/internal/init/wizard.go:240.58,242.21 2 1
github.com/MikeS071/contentai/internal/init/wizard.go:242.21,244.4 1 0
github.com/MikeS071/contentai/internal/init/wizard.go:245.3,245.27 1 1
github.com/MikeS071/contentai/internal/init/wizard.go:248.2,249.6 2 1
github.com/MikeS071/contentai/internal/init/wizard.go:249.6,251.10 2 1
github.com/MikeS071/contentai/internal/init/wizard.go:251.10,253.4 1 1
github.com/MikeS071/contentai/internal/init/wizard.go:254.3,254.48 1 1
github.com/MikeS071/contentai/internal/init/wizard.go:254.48,255.9 1 1
github.com/MikeS071/contentai/internal/init/wizard.go:257.3,257.30 1 1
github.com/MikeS071/contentai/internal/init/wizard.go:259.2,259.39 1 1
github.com/MikeS071/contentai/internal/init/wizard.go:262.118,264.16 2 1
github.com/MikeS071/contentai/internal/init/wizard.go:264.16,266.3 1 0
github.com/MikeS071/contentai/internal/init/wizard.go:267.2,275.16 3 1
github.com/MikeS071/contentai/internal/init/wizard.go:275.16,277.3 1 0
github.com/MikeS071/contentai/internal/init/wizard.go:278.2,278.26 1 1
github.com/MikeS071/contentai/internal/init/wizard.go:281.133,283.16 2 1
github.com/MikeS071/contentai/internal/init/wizard.go:283.16,285.3 1 0
github.com/MikeS071/contentai/internal/init/wizard.go:286.2,294.16 3 1
github.com/MikeS071/contentai/internal/init/wizard.go:294.16,296.3 1 0
github.com/MikeS071/contentai/internal/init/wizard.go:297.2,297.26 1 1
github.com/MikeS071/contentai/internal/init/wizard.go:300.111,303.9 3 1
github.com/MikeS071/contentai/internal/init/wizard.go:303.9,305.3 1 0
github.com/MikeS071/contentai/internal/init/wizard.go:306.2,307.18 2 1
github.com/MikeS071/contentai/internal/init/wizard.go:307.18,308.60 1 1
github.com/MikeS071/contentai/internal/init/wizard.go:308.60,310.4 1 0
github.com/MikeS071/contentai/internal/init/wizard.go:311.3,312.59 2 1
github.com/MikeS071/contentai/internal/init/wizard.go:315.2,317.9 3 1
github.com/MikeS071/contentai/internal/init/wizard.go:317.9,319.3 1 0
github.com/MikeS071/contentai/internal/init/wizard.go:320.2,321.18 2 1
github.com/MikeS071/contentai/internal/init/wizard.go:321.18,324.51 3 1
github.com/MikeS071/contentai/internal/init/wizard.go:324.51,326.4 1 1
github.com/MikeS071/contentai/internal/init/wizard.go:327.3,327.48 1 1
github.com/MikeS071/contentai/internal/init/wizard.go:327.48,329.4 1 1
github.com/MikeS071/contentai/internal/init/wizard.go:332.2,334.9 3 1
github.com/MikeS071/contentai/internal/init/wizard.go:334.9,336.3 1 0
github.com/MikeS071/contentai/internal/init/wizard.go:337.2,338.22 2 1
github.com/MikeS071/contentai/internal/init/wizard.go:338.22,341.3 2 1
github.com/MikeS071/contentai/internal/init/wizard.go:342.2,342.12 1 1
github.com/MikeS071/contentai/internal/init/wizard.go:345.90,346.19 1 1
github.com/MikeS071/contentai/internal/init/wizard.go:346.19,348.3 1 0
github.com/MikeS071/contentai/internal/init/wizard.go:349.2,356.16 2 1
github.com/MikeS071/contentai/internal/init/wizard.go:356.16,358.3 1 0
github.com/MikeS071/contentai/internal/init/wizard.go:359.2,359.12 1 1
github.com/MikeS071/contentai/internal/init/wizard.go:362.55,365.16 3 1
github.com/MikeS071/contentai/internal/init/wizard.go:365.16,367.3 1 0
github.com/MikeS071/contentai/internal/init/wizard.go:368.2,368.56 1 1
github.com/MikeS071/contentai/internal/init/wizard.go:368.56,370.3 1 0
github.com/MikeS071/contentai/internal/init/wizard.go:371.2,371.12 1 1
github.com/MikeS071/contentai/internal/init/wizard.go:374.73,377.6 3 1
github.com/MikeS071/contentai/internal/init/wizard.go:377.6,380.10 3 1
github.com/MikeS071/contentai/internal/init/wizard.go:380.10,381.9 1 1
github.com/MikeS071/contentai/internal/init/wizard.go:383.3,384.17 2 1
github.com/MikeS071/contentai/internal/init/wizard.go:384.17,385.9 1 1
github.com/MikeS071/contentai/internal/init/wizard.go:387.3,387.30 1 1
github.com/MikeS071/contentai/internal/init/wizard.go:389.2,389.19 1 1
github.com/MikeS071/contentai/internal/init/wizard.go:392.54,393.21 1 1
github.com/MikeS071/contentai/internal/init/wizard.go:393.21,395.3 1 1
github.com/MikeS071/contentai/internal/init/wizard.go:396.2,396.29 1 1
github.com/MikeS071/contentai/internal/kb/opml.go:29.49,31.50 2 1
github.com/MikeS071/contentai/internal/kb/opml.go:31.50,33.3 1 0
github.com/MikeS071/contentai/internal/kb/opml.go:34.2,35.44 2 1
github.com/MikeS071/contentai/internal/kb/opml.go:35.44,37.3 1 1
github.com/MikeS071/contentai/internal/kb/opml.go:38.2,38.19 1 1
github.com/MikeS071/contentai/internal/kb/opml.go:41.53,42.42 1 1
github.com/MikeS071/contentai/internal/kb/opml.go:42.42,44.18 2 1
github.com/MikeS071/contentai/internal/kb/opml.go:44.18,46.4 1 0
github.com/MikeS071/contentai/internal/kb/opml.go:47.3,50.5 1 1
github.com/MikeS071/contentai/internal/kb/opml.go:52.2,52.38 1 1
github.com/MikeS071/contentai/internal/kb/opml.go:52.38,54.3 1 0
github.com/MikeS071/contentai/internal/kb/rss.go:72.66,74.16 2 1
github.com/MikeS071/contentai/internal/kb/rss.go:74.16,76.3 1 0
github.com/MikeS071/contentai/internal/kb/rss.go:78.2,78.14 1 1
github.com/MikeS071/contentai/internal/kb/rss.go:79.13,80.33 1 1
github.com/MikeS071/contentai/internal/kb/rss.go:81.14,82.34 1 1
github.com/MikeS071/contentai/internal/kb/rss.go:83.10,84.68 1 0
github.com/MikeS071/contentai/internal/kb/rss.go:88.65,90.50 2 1
github.com/MikeS071/contentai/internal/kb/rss.go:90.50,92.3 1 0
github.com/MikeS071/contentai/internal/kb/rss.go:93.2,98.41 2 1
github.com/MikeS071/contentai/internal/kb/rss.go:98.41,100.20 2 1
github.com/MikeS071/contentai/internal/kb/rss.go:100.20,102.4 1 1
github.com/MikeS071/contentai/internal/kb/rss.go:103.3,108.5 1 1
github.com/MikeS071/contentai/internal/kb/rss.go:110.2,110.20 1 1
github.com/MikeS071/contentai/internal/kb/rss.go:113.66,115.50 2 1
github.com/MikeS071/contentai/internal/kb/rss.go:115.50,117.3 1 0
github.com/MikeS071/contentai/internal/kb/rss.go:118.2,119.30 2 1
github.com/MikeS071/contentai/internal/kb/rss.go:119.30,120.59 1 1
github.com/MikeS071/contentai/internal/kb/rss.go:120.59,122.4 1 1
github.com/MikeS071/contentai/internal/kb/rss.go:125.2,130.36 2 1
github.com/MikeS071/contentai/internal/kb/rss.go:130.36,132.33 2 1
github.com/MikeS071/contentai/internal/kb/rss.go:132.33,133.61 1 1
github.com/MikeS071/contentai/internal/kb/rss.go:133.61,135.5 1 1
github.com/MikeS071/contentai/internal/kb/rss.go:137.3,138.20 2 1
github.com/MikeS071/contentai/internal/kb/rss.go:138.20,140.4 1 1
github.com/MikeS071/contentai/internal/kb/rss.go:142.3,143.19 2 1
github.com/MikeS071/contentai/internal/kb/rss.go:143.19,145.4 1 1
github.com/MikeS071/contentai/internal/kb/rss.go:147.3,152.5 1 1
github.com/MikeS071/contentai/internal/kb/rss.go:154.2,154.20 1 1
github.com/MikeS071/contentai/internal/kb/rss.go:157.42,169.23 8 1
github.com/MikeS071/contentai/internal/kb/rss.go:169.23,171.3 1 1
github.com/MikeS071/contentai/internal/kb/rss.go:172.2,174.10 3 1
github.com/MikeS071/contentai/internal/kb/rss.go:177.51,179.6 2 1
github.com/MikeS071/contentai/internal/kb/rss.go:179.6,181.17 2 1
github.com/MikeS071/contentai/internal/kb/rss.go:181.17,182.30 1 0
github.com/MikeS071/contentai/internal/kb/rss.go:182.30,184.5 1 0
github.com/MikeS071/contentai/internal/kb/rss.go:185.4,185.51 1 0
github.com/MikeS071/contentai/internal/kb/rss.go:187.3,187.46 1 1
github.com/MikeS071/contentai/internal/kb/rss.go:187.46,189.4 1 1
github.com/MikeS071/contentai/internal/kb/rss.go:193.47,195.15 2 1
github.com/MikeS071/contentai/internal/kb/rss.go:195.15,197.3 1 1
github.com/MikeS071/contentai/internal/kb/rss.go:198.2,208.33 2 1
github.com/MikeS071/contentai/internal/kb/rss.go:208.33,209.57 1 1
github.com/MikeS071/contentai/internal/kb/rss.go:209.57,211.4 1 1
github.com/MikeS071/contentai/internal/kb/rss.go:213.2,213.20 1 0
github.com/MikeS071/contentai/internal/kb/rss.go:216.45,218.15 2 1
github.com/MikeS071/contentai/internal/kb/rss.go:218.15,220.3 1 0
github.com/MikeS071/contentai/internal/kb/rss.go:221.2,222.16 2 1
github.com/MikeS071/contentai/internal/kb/rss.go:222.16,224.3 1 0
github.com/MikeS071/contentai/internal/kb/rss.go:225.2,225.15 1 1
github.com/MikeS071/contentai/internal/kb/rss.go:225.15,227.3 1 1
github.com/MikeS071/contentai/internal/kb/rss.go:228.2,229.16 2 1
github.com/MikeS071/contentai/internal/kb/rss.go:229.16,231.3 1 0
github.com/MikeS071/contentai/internal/kb/rss.go:232.2,232.39 1 1
github.com/MikeS071/contentai/internal/kb/search.go:18.69,20.13 2 1
github.com/MikeS071/contentai/internal/kb/search.go:20.13,22.3 1 0
github.com/MikeS071/contentai/internal/kb/search.go:23.2,23.16 1 1
github.com/MikeS071/contentai/internal/kb/search.go:23.16,25.3 1 0
github.com/MikeS071/contentai/internal/kb/search.go:27.2,28.87 2 1
github.com/MikeS071/contentai/internal/kb/search.go:28.87,29.21 1 1
github.com/MikeS071/contentai/internal/kb/search.go:29.21,31.4 1 1
github.com/MikeS071/contentai/internal/kb/search.go:32.3,32.16 1 1
github.com/MikeS071/contentai/internal/kb/search.go:32.16,34.4 1 1
github.com/MikeS071/contentai/internal/kb/search.go:35.3,35.51 1 1
github.com/MikeS071/contentai/internal/kb/search.go:35.51,37.4 1 1
github.com/MikeS071/contentai/internal/kb/search.go:38.3,38.13 1 1
github.com/MikeS071/contentai/internal/kb/search.go:40.2,40.16 1 1
github.com/MikeS071/contentai/internal/kb/search.go:40.16,41.25 1 1
github.com/MikeS071/contentai/internal/kb/search.go:41.25,43.4 1 1
github.com/MikeS071/contentai/internal/kb/search.go:44.3,44.49 1 0
github.com/MikeS071/contentai/internal/kb/search.go:47.2,48.29 2 1
github.com/MikeS071/contentai/internal/kb/search.go:48.29,50.17 2 1
github.com/MikeS071/contentai/internal/kb/search.go:50.17,52.4 1 0
github.com/MikeS071/contentai/internal/kb/search.go:53.3,60.17 7 1
github.com/MikeS071/contentai/internal/kb/search.go:60.17,61.12 1 0
github.com/MikeS071/contentai/internal/kb/search.go:64.3,69.5 1 1
github.com/MikeS071/contentai/internal/kb/search.go:72.2,72.42 1 1
github.com/MikeS071/contentai/internal/kb/search.go:72.42,73.43 1 1
github.com/MikeS071/contentai/internal/kb/search.go:73.43,75.4 1 0
github.com/MikeS071/contentai/internal/kb/search.go:76.3,76.43 1 1
github.com/MikeS071/contentai/internal/kb/search.go:76.43,78.4 1 1
github.com/MikeS071/contentai/internal/kb/search.go:79.3,79.55 1 0
github.com/MikeS071/contentai/internal/kb/search.go:82.2,82.26 1 1
github.com/MikeS071/contentai/internal/kb/search.go:82.26,84.3 1 1
github.com/MikeS071/contentai/internal/kb/search.go:85.2,85.21 1 1
github.com/MikeS071/contentai/internal/kb/search.go:88.65,92.41 3 1
github.com/MikeS071/contentai/internal/kb/search.go:92.41,94.22 2 0
github.com/MikeS071/contentai/internal/kb/search.go:94.22,95.55 1 0
github.com/MikeS071/contentai/internal/kb/search.go:95.55,97.59 2 0
github.com/MikeS071/contentai/internal/kb/search.go:97.59,100.11 3 0
github.com/MikeS071/contentai/internal/kb/search.go:103.4,103.19 1 0
github.com/MikeS071/contentai/internal/kb/search.go:106.2,106.17 1 1
github.com/MikeS071/contentai/internal/kb/search.go:106.17,107.50 1 1
github.com/MikeS071/contentai/internal/kb/search.go:107.50,109.36 2 1
github.com/MikeS071/contentai/internal/kb/search.go:109.36,111.10 2 1
github.com/MikeS071/contentai/internal/kb/search.go:115.2,115.17 1 1
github.com/MikeS071/contentai/internal/kb/search.go:115.17,117.3 1 1
github.com/MikeS071/contentai/internal/kb/search.go:118.2,118.20 1 1
github.com/MikeS071/contentai/internal/kb/search.go:121.51,123.17 2 1
github.com/MikeS071/contentai/internal/kb/search.go:123.17,125.3 1 0
github.com/MikeS071/contentai/internal/kb/search.go:126.2,128.13 3 1
github.com/MikeS071/contentai/internal/kb/search.go:128.13,129.23 1 0
github.com/MikeS071/contentai/internal/kb/search.go:129.23,131.4 1 0
github.com/MikeS071/contentai/internal/kb/search.go:132.3,132.15 1 0
github.com/MikeS071/contentai/internal/kb/search.go:134.2,135.15 2 1
github.com/MikeS071/contentai/internal/kb/search.go:135.15,137.3 1 1
github.com/MikeS071/contentai/internal/kb/search.go:138.2,139.22 2 1
github.com/MikeS071/contentai/internal/kb/search.go:139.22,141.3 1 1
github.com/MikeS071/contentai/internal/kb/search.go:142.2,143.15 2 1
github.com/MikeS071/contentai/internal/kb/search.go:143.15,145.3 1 0
github.com/MikeS071/contentai/internal/kb/search.go:146.2,146.22 1 1
github.com/MikeS071/contentai/internal/kb/search.go:146.22,148.3 1 0
github.com/MikeS071/contentai/internal/kb/search.go:149.2,149.16 1 1
github.com/MikeS071/contentai/internal/kb/store.go:47.41,53.2 1 1
github.com/MikeS071/contentai/internal/kb/store.go:55.61,56.41 1 1
github.com/MikeS071/contentai/internal/kb/store.go:56.41,58.3 1 0
github.com/MikeS071/contentai/internal/kb/store.go:59.2,60.16 2 1
github.com/MikeS071/contentai/internal/kb/store.go:60.16,62.3 1 0
github.com/MikeS071/contentai/internal/kb/store.go:64.2,65.16 2 1
github.com/MikeS071/contentai/internal/kb/store.go:65.16,67.3 1 0
github.com/MikeS071/contentai/internal/kb/store.go:68.2,68.37 1 1
github.com/MikeS071/contentai/internal/kb/store.go:68.37,69.47 1 1
github.com/MikeS071/contentai/internal/kb/store.go:69.47,71.4 1 1
github.com/MikeS071/contentai/internal/kb/store.go:74.2,81.22 3 1
github.com/MikeS071/contentai/internal/kb/store.go:81.22,83.3 1 0
github.com/MikeS071/contentai/internal/kb/store.go:85.2,86.44 2 1
github.com/MikeS071/contentai/internal/kb/store.go:86.44,88.3 1 0
github.com/MikeS071/contentai/internal/kb/store.go:89.2,89.46 1 1
github.com/MikeS071/contentai/internal/kb/store.go:89.46,91.3 1 0
github.com/MikeS071/contentai/internal/kb/store.go:92.2,92.18 1 1
github.com/MikeS071/contentai/internal/kb/store.go:95.45,96.41 1 1
github.com/MikeS071/contentai/internal/kb/store.go:96.41,98.3 1 0
github.com/MikeS071/contentai/internal/kb/store.go:99.2,100.16 2 1
github.com/MikeS071/contentai/internal/kb/store.go:100.16,102.3 1 0
github.com/MikeS071/contentai/internal/kb/store.go:103.2,104.40 2 1
github.com/MikeS071/contentai/internal/kb/store.go:104.40,106.3 1 1
github.com/MikeS071/contentai/internal/kb/store.go:107.2,107.19 1 1
github.com/MikeS071/contentai/internal/kb/store.go:110.69,111.41 1 1
github.com/MikeS071/contentai/internal/kb/store.go:111.41,113.3 1 0
github.com/MikeS071/contentai/internal/kb/store.go:114.2,115.16 2 1
github.com/MikeS071/contentai/internal/kb/store.go:115.16,117.3 1 0
github.com/MikeS071/contentai/internal/kb/store.go:119.2,120.16 2 1
github.com/MikeS071/contentai/internal/kb/store.go:120.16,122.3 1 0
github.com/MikeS071/contentai/internal/kb/store.go:123.2,125.27 3 1
github.com/MikeS071/contentai/internal/kb/store.go:125.27,126.51 1 1
github.com/MikeS071/contentai/internal/kb/store.go:126.51,129.12 3 1
github.com/MikeS071/contentai/internal/kb/store.go:131.3,131.44 1 0
github.com/MikeS071/contentai/internal/kb/store.go:133.2,133.20 1 1
github.com/MikeS071/contentai/internal/kb/store.go:133.20,135.3 1 0
github.com/MikeS071/contentai/internal/kb/store.go:136.2,137.44 2 1
github.com/MikeS071/contentai/internal/kb/store.go:137.44,139.3 1 0
github.com/MikeS071/contentai/internal/kb/store.go:140.2,140.19 1 1
github.com/MikeS071/contentai/internal/kb/store.go:140.19,141.84 1 1
github.com/MikeS071/contentai/internal/kb/store.go:141.84,143.4 1 0
github.com/MikeS071/contentai/internal/kb/store.go:145.2,145.12 1 1
github.com/MikeS071/contentai/internal/kb/store.go:148.54,150.16 2 1
github.com/MikeS071/contentai/internal/kb/store.go:150.16,152.3 1 0
github.com/MikeS071/contentai/internal/kb/store.go:153.2,154.16 2 1
github.com/MikeS071/contentai/internal/kb/store.go:154.16,156.3 1 0
github.com/MikeS071/contentai/internal/kb/store.go:158.2,159.26 2 1
github.com/MikeS071/contentai/internal/kb/store.go:159.26,160.54 1 1
github.com/MikeS071/contentai/internal/kb/store.go:160.54,161.55 1 0
github.com/MikeS071/contentai/internal/kb/store.go:161.55,162.13 1 0
github.com/MikeS071/contentai/internal/kb/store.go:164.4,164.21 1 0
github.com/MikeS071/contentai/internal/kb/store.go:166.3,166.10 1 1
github.com/MikeS071/contentai/internal/kb/store.go:168.2,168.19 1 1
github.com/MikeS071/contentai/internal/kb/store.go:171.54,172.41 1 1
github.com/MikeS071/contentai/internal/kb/store.go:172.41,174.3 1 0
github.com/MikeS071/contentai/internal/kb/store.go:175.2,176.16 2 1
github.com/MikeS071/contentai/internal/kb/store.go:176.16,178.3 1 0
github.com/MikeS071/contentai/internal/kb/store.go:179.2,181.16 3 1
github.com/MikeS071/contentai/internal/kb/store.go:181.16,183.3 1 0
github.com/MikeS071/contentai/internal/kb/store.go:184.2,185.58 2 1
github.com/MikeS071/contentai/internal/kb/store.go:185.58,187.3 1 0
github.com/MikeS071/contentai/internal/kb/store.go:188.2,188.17 1 1
github.com/MikeS071/contentai/internal/kb/store.go:191.63,192.41 1 1
github.com/MikeS071/contentai/internal/kb/store.go:192.41,194.3 1 0
github.com/MikeS071/contentai/internal/kb/store.go:195.2,196.16 2 1
github.com/MikeS071/contentai/internal/kb/store.go:196.16,198.3 1 0
github.com/MikeS071/contentai/internal/kb/store.go:200.2,202.27 3 1
github.com/MikeS071/contentai/internal/kb/store.go:202.27,204.17 2 1
github.com/MikeS071/contentai/internal/kb/store.go:204.17,206.12 2 0
github.com/MikeS071/contentai/internal/kb/store.go:208.3,210.17 3 1
github.com/MikeS071/contentai/internal/kb/store.go:212.2,212.13 1 1
github.com/MikeS071/contentai/internal/kb/store.go:212.13,213.45 1 1
github.com/MikeS071/contentai/internal/kb/store.go:213.45,215.4 1 0
github.com/MikeS071/contentai/internal/kb/store.go:217.2,217.20 1 1
github.com/MikeS071/contentai/internal/kb/store.go:220.32,222.2 1 1
github.com/MikeS071/contentai/internal/kb/store.go:224.35,226.2 1 1
github.com/MikeS071/contentai/internal/kb/store.go:228.35,230.2 1 1
github.com/MikeS071/contentai/internal/kb/store.go:232.36,234.2 1 1
github.com/MikeS071/contentai/internal/kb/store.go:236.36,237.18 1 1
github.com/MikeS071/contentai/internal/kb/store.go:237.18,239.3 1 0
github.com/MikeS071/contentai/internal/kb/store.go:240.2,240.22 1 1
github.com/MikeS071/contentai/internal/kb/store.go:243.38,244.57 1 1
github.com/MikeS071/contentai/internal/kb/store.go:244.57,246.3 1 0
github.com/MikeS071/contentai/internal/kb/store.go:247.2,247.57 1 1
github.com/MikeS071/contentai/internal/kb/store.go:247.57,249.3 1 0
github.com/MikeS071/contentai/internal/kb/store.go:250.2,250.70 1 1
[...]
github.com/MikeS071/contentai/internal/publish/static.go:94.39,99.12 5 1
github.com/MikeS071/contentai/internal/publish/static.go:101.3,101.40 1 1
github.com/MikeS071/contentai/internal/publish/static.go:101.40,106.12 5 0
github.com/MikeS071/contentai/internal/publish/static.go:108.3,108.41 1 1
github.com/MikeS071/contentai/internal/publish/static.go:110.2,129.47 2 1
github.com/MikeS071/contentai/internal/qa/autofix.go:12.158,14.27 2 1
github.com/MikeS071/contentai/internal/qa/autofix.go:14.27,15.16 1 1
github.com/MikeS071/contentai/internal/qa/autofix.go:15.16,17.4 1 1
github.com/MikeS071/contentai/internal/qa/autofix.go:19.2,19.23 1 1
github.com/MikeS071/contentai/internal/qa/autofix.go:19.23,21.3 1 1
github.com/MikeS071/contentai/internal/qa/autofix.go:22.2,22.19 1 1
github.com/MikeS071/contentai/internal/qa/autofix.go:22.19,24.3 1 0
github.com/MikeS071/contentai/internal/qa/autofix.go:25.2,26.17 2 1
github.com/MikeS071/contentai/internal/qa/autofix.go:26.17,28.3 1 0
github.com/MikeS071/contentai/internal/qa/autofix.go:30.2,31.28 2 1
github.com/MikeS071/contentai/internal/qa/autofix.go:31.28,34.34 3 1
github.com/MikeS071/contentai/internal/qa/autofix.go:34.34,37.4 2 1
github.com/MikeS071/contentai/internal/qa/autofix.go:38.3,38.27 1 1
github.com/MikeS071/contentai/internal/qa/autofix.go:41.2,49.16 3 1
github.com/MikeS071/contentai/internal/qa/autofix.go:49.16,51.3 1 0
github.com/MikeS071/contentai/internal/qa/autofix.go:53.2,54.17 2 1
github.com/MikeS071/contentai/internal/qa/autofix.go:54.17,56.3 1 0
github.com/MikeS071/contentai/internal/qa/autofix.go:57.2,60.28 3 1
github.com/MikeS071/contentai/internal/qa/autofix.go:60.28,66.3 1 1
github.com/MikeS071/contentai/internal/qa/autofix.go:68.2,68.29 1 1
github.com/MikeS071/contentai/internal/qa/autofix.go:71.51,72.21 1 1
github.com/MikeS071/contentai/internal/qa/autofix.go:72.21,74.3 1 0
github.com/MikeS071/contentai/internal/qa/autofix.go:75.2,78.30 4 1
github.com/MikeS071/contentai/internal/qa/autofix.go:78.30,80.3 1 0
github.com/MikeS071/contentai/internal/qa/autofix.go:82.2,85.30 4 1
github.com/MikeS071/contentai/internal/qa/autofix.go:85.30,87.27 2 1
github.com/MikeS071/contentai/internal/qa/autofix.go:87.27,89.4 1 1
github.com/MikeS071/contentai/internal/qa/autofix.go:90.3,90.26 1 1
github.com/MikeS071/contentai/internal/qa/autofix.go:90.26,92.4 1 1
github.com/MikeS071/contentai/internal/qa/autofix.go:93.3,93.25 1 1
github.com/MikeS071/contentai/internal/qa/autofix.go:93.25,94.12 1 0
github.com/MikeS071/contentai/internal/qa/autofix.go:96.3,96.20 1 1
github.com/MikeS071/contentai/internal/qa/autofix.go:96.20,100.4 3 1
github.com/MikeS071/contentai/internal/qa/autofix.go:101.3,101.20 1 1
github.com/MikeS071/contentai/internal/qa/autofix.go:101.20,105.4 3 1
github.com/MikeS071/contentai/internal/qa/autofix.go:107.2,107.44 1 1
github.com/MikeS071/contentai/internal/qa/checker.go:36.80,37.20 1 1
github.com/MikeS071/contentai/internal/qa/checker.go:37.20,39.3 1 1
github.com/MikeS071/contentai/internal/qa/checker.go:40.2,40.18 1 1
github.com/MikeS071/contentai/internal/qa/checker.go:40.18,42.3 1 1
github.com/MikeS071/contentai/internal/qa/checker.go:43.2,44.16 2 1
github.com/MikeS071/contentai/internal/qa/checker.go:44.16,46.3 1 1
github.com/MikeS071/contentai/internal/qa/checker.go:47.2,48.22 2 1
github.com/MikeS071/contentai/internal/qa/checker.go:48.22,50.3 1 0
github.com/MikeS071/contentai/internal/qa/checker.go:52.2,53.16 2 1
github.com/MikeS071/contentai/internal/qa/checker.go:53.16,55.3 1 0
github.com/MikeS071/contentai/internal/qa/checker.go:56.2,59.16 4 1
github.com/MikeS071/contentai/internal/qa/checker.go:59.16,61.3 1 1
github.com/MikeS071/contentai/internal/qa/checker.go:62.2,65.16 3 1
github.com/MikeS071/contentai/internal/qa/checker.go:65.16,67.3 1 1
github.com/MikeS071/contentai/internal/qa/checker.go:69.2,70.18 2 1
github.com/MikeS071/contentai/internal/qa/checker.go:70.18,72.18 2 1
github.com/MikeS071/contentai/internal/qa/checker.go:72.18,74.4 1 0
github.com/MikeS071/contentai/internal/qa/checker.go:75.3,76.17 2 1
github.com/MikeS071/contentai/internal/qa/checker.go:76.17,78.4 1 0
github.com/MikeS071/contentai/internal/qa/checker.go:79.3,79.36 1 1
github.com/MikeS071/contentai/internal/qa/checker.go:79.36,81.4 1 1
github.com/MikeS071/contentai/internal/qa/checker.go:82.3,82.25 1 1
github.com/MikeS071/contentai/internal/qa/checker.go:82.25,83.47 1 1
github.com/MikeS071/contentai/internal/qa/checker.go:83.47,85.5 1 1
github.com/MikeS071/contentai/internal/qa/checker.go:89.2,90.27 2 1
github.com/MikeS071/contentai/internal/qa/checker.go:90.27,91.16 1 1
github.com/MikeS071/contentai/internal/qa/checker.go:91.16,93.9 2 1
github.com/MikeS071/contentai/internal/qa/checker.go:96.2,97.53 2 1
github.com/MikeS071/contentai/internal/qa/checker.go:97.53,99.3 1 0
github.com/MikeS071/contentai/internal/qa/checker.go:100.2,102.18 2 1
github.com/MikeS071/contentai/internal/qa/checker.go:102.18,103.46 1 1
github.com/MikeS071/contentai/internal/qa/checker.go:103.46,105.4 1 0
github.com/MikeS071/contentai/internal/qa/checker.go:108.2,108.20 1 1
github.com/MikeS071/contentai/internal/qa/checker.go:111.99,117.16 3 1
github.com/MikeS071/contentai/internal/qa/checker.go:117.16,119.3 1 1
github.com/MikeS071/contentai/internal/qa/checker.go:120.2,123.16 3 1
github.com/MikeS071/contentai/internal/qa/checker.go:123.16,125.3 1 0
github.com/MikeS071/contentai/internal/qa/checker.go:126.2,134.20 3 1
github.com/MikeS071/contentai/internal/qa/checker.go:137.97,139.17 2 1
github.com/MikeS071/contentai/internal/qa/checker.go:139.17,141.3 1 1
github.com/MikeS071/contentai/internal/qa/checker.go:142.2,150.16 2 1
github.com/MikeS071/contentai/internal/qa/checker.go:150.16,152.3 1 1
github.com/MikeS071/contentai/internal/qa/checker.go:153.2,155.19 3 1
github.com/MikeS071/contentai/internal/qa/checker.go:158.50,160.16 2 1
github.com/MikeS071/contentai/internal/qa/checker.go:160.16,162.3 1 0
github.com/MikeS071/contentai/internal/qa/checker.go:163.2,165.39 3 1
github.com/MikeS071/contentai/internal/qa/checker.go:168.53,170.2 1 1
github.com/MikeS071/contentai/internal/qa/checker.go:172.49,174.2 1 1
github.com/MikeS071/contentai/internal/qa/checks.go:26.53,29.35 3 1
github.com/MikeS071/contentai/internal/qa/checks.go:29.35,31.29 2 1
github.com/MikeS071/contentai/internal/qa/checks.go:31.29,32.28 1 1
github.com/MikeS071/contentai/internal/qa/checks.go:32.28,33.13 1 0
github.com/MikeS071/contentai/internal/qa/checks.go:35.4,36.79 2 1
github.com/MikeS071/contentai/internal/qa/checks.go:39.2,40.86 2 1
github.com/MikeS071/contentai/internal/qa/checks.go:43.55,46.28 3 1
github.com/MikeS071/contentai/internal/qa/checks.go:46.28,48.3 1 1
github.com/MikeS071/contentai/internal/qa/checks.go:49.2,49.88 1 1
github.com/MikeS071/contentai/internal/qa/checks.go:52.49,56.30 4 1
github.com/MikeS071/contentai/internal/qa/checks.go:56.30,58.17 2 1
github.com/MikeS071/contentai/internal/qa/checks.go:58.17,59.12 1 0
github.com/MikeS071/contentai/internal/qa/checks.go:61.3,61.34 1 1
github.com/MikeS071/contentai/internal/qa/checks.go:61.34,63.12 2 1
github.com/MikeS071/contentai/internal/qa/checks.go:65.3,65.17 1 1
github.com/MikeS071/contentai/internal/qa/checks.go:67.2,67.81 1 1
github.com/MikeS071/contentai/internal/qa/checks.go:70.56,73.30 3 1
github.com/MikeS071/contentai/internal/qa/checks.go:73.30,75.22 2 1
github.com/MikeS071/contentai/internal/qa/checks.go:75.22,76.12 1 0
github.com/MikeS071/contentai/internal/qa/checks.go:78.3,78.22 1 1
github.com/MikeS071/contentai/internal/qa/checks.go:78.22,80.12 2 1
github.com/MikeS071/contentai/internal/qa/checks.go:82.3,83.27 2 1
github.com/MikeS071/contentai/internal/qa/checks.go:83.27,85.24 2 1
github.com/MikeS071/contentai/internal/qa/checks.go:85.24,87.5 1 1
github.com/MikeS071/contentai/internal/qa/checks.go:89.3,89.21 1 1
github.com/MikeS071/contentai/internal/qa/checks.go:89.21,91.4 1 1
github.com/MikeS071/contentai/internal/qa/checks.go:93.2,93.89 1 1
github.com/MikeS071/contentai/internal/qa/checks.go:96.50,98.17 2 1
github.com/MikeS071/contentai/internal/qa/checks.go:98.17,100.3 1 1
github.com/MikeS071/contentai/internal/qa/checks.go:101.2,101.18 1 1
github.com/MikeS071/contentai/internal/qa/checks.go:101.18,103.3 1 1
github.com/MikeS071/contentai/internal/qa/checks.go:104.2,104.54 1 0
github.com/MikeS071/contentai/internal/qa/checks.go:107.55,109.95 2 1
github.com/MikeS071/contentai/internal/qa/checks.go:109.95,111.3 1 1
github.com/MikeS071/contentai/internal/qa/checks.go:113.2,114.62 2 1
github.com/MikeS071/contentai/internal/qa/checks.go:114.62,116.28 2 1
github.com/MikeS071/contentai/internal/qa/checks.go:116.28,118.18 2 1
github.com/MikeS071/contentai/internal/qa/checks.go:118.18,120.5 1 1
github.com/MikeS071/contentai/internal/qa/checks.go:122.3,122.73 1 1
github.com/MikeS071/contentai/internal/qa/checks.go:125.2,127.29 3 1
github.com/MikeS071/contentai/internal/qa/checks.go:127.29,129.17 2 1
github.com/MikeS071/contentai/internal/qa/checks.go:129.17,131.4 1 1
github.com/MikeS071/contentai/internal/qa/checks.go:133.2,133.22 1 1
github.com/MikeS071/contentai/internal/qa/checks.go:133.22,135.3 1 0
github.com/MikeS071/contentai/internal/qa/checks.go:136.2,136.67 1 1
github.com/MikeS071/contentai/internal/qa/checks.go:139.43,142.16 3 1
github.com/MikeS071/contentai/internal/qa/checks.go:142.16,144.3 1 0
github.com/MikeS071/contentai/internal/qa/checks.go:145.2,145.54 1 1
github.com/MikeS071/contentai/internal/qa/checks.go:145.54,147.3 1 1
github.com/MikeS071/contentai/internal/qa/checks.go:148.2,149.26 2 1
github.com/MikeS071/contentai/internal/qa/checks.go:149.26,151.14 2 1
github.com/MikeS071/contentai/internal/qa/checks.go:151.14,153.4 1 1
github.com/MikeS071/contentai/internal/qa/checks.go:155.2,155.12 1 1
github.com/MikeS071/contentai/internal/qa/checks.go:158.41,163.2 4 1
github.com/MikeS071/contentai/internal/qa/checks.go:165.41,166.31 1 1
github.com/MikeS071/contentai/internal/qa/checks.go:166.31,168.3 1 1
github.com/MikeS071/contentai/internal/qa/checks.go:169.2,169.14 1 1
github.com/MikeS071/contentai/internal/qa/checks.go:169.14,171.3 1 1
github.com/MikeS071/contentai/internal/qa/checks.go:172.2,172.26 1 1
github.com/MikeS071/contentai/internal/social/generator.go:46.115,47.41 1 1
github.com/MikeS071/contentai/internal/social/generator.go:47.41,49.3 1 1
github.com/MikeS071/contentai/internal/social/generator.go:50.2,50.16 1 1
github.com/MikeS071/contentai/internal/social/generator.go:50.16,52.3 1 1
github.com/MikeS071/contentai/internal/social/generator.go:53.2,53.18 1 1
github.com/MikeS071/contentai/internal/social/generator.go:53.18,55.3 1 1
github.com/MikeS071/contentai/internal/social/generator.go:56.2,63.3 1 1
github.com/MikeS071/contentai/internal/social/generator.go:66.85,67.14 1 1
github.com/MikeS071/contentai/internal/social/generator.go:67.14,69.3 1 1
github.com/MikeS071/contentai/internal/social/generator.go:70.2,70.20 1 1
github.com/MikeS071/contentai/internal/social/generator.go:70.20,72.3 1 1
github.com/MikeS071/contentai/internal/social/generator.go:73.2,73.18 1 1
github.com/MikeS071/contentai/internal/social/generator.go:73.18,75.3 1 1
github.com/MikeS071/contentai/internal/social/generator.go:76.2,76.24 1 1
github.com/MikeS071/contentai/internal/social/generator.go:76.24,78.3 1 1
github.com/MikeS071/contentai/internal/social/generator.go:79.2,80.16 2 1
github.com/MikeS071/contentai/internal/social/generator.go:80.16,82.3 1 1
github.com/MikeS071/contentai/internal/social/generator.go:84.2,85.16 2 1
github.com/MikeS071/contentai/internal/social/generator.go:85.16,87.3 1 0
github.com/MikeS071/contentai/internal/social/generator.go:88.2,88.88 1 1
github.com/MikeS071/contentai/internal/social/generator.go:88.88,90.3 1 1
github.com/MikeS071/contentai/internal/social/generator.go:92.2,93.16 2 1
github.com/MikeS071/contentai/internal/social/generator.go:93.16,95.3 1 0
github.com/MikeS071/contentai/internal/social/generator.go:96.2,97.16 2 1
github.com/MikeS071/contentai/internal/social/generator.go:97.16,99.3 1 1
github.com/MikeS071/contentai/internal/social/generator.go:101.2,106.16 2 1
github.com/MikeS071/contentai/internal/social/generator.go:106.16,108.3 1 0
github.com/MikeS071/contentai/internal/social/generator.go:110.2,111.16 2 1
github.com/MikeS071/contentai/internal/social/generator.go:111.16,113.3 1 1
github.com/MikeS071/contentai/internal/social/generator.go:114.2,115.16 2 1
github.com/MikeS071/contentai/internal/social/generator.go:115.16,117.3 1 0
github.com/MikeS071/contentai/internal/social/generator.go:119.2,120.18 2 1
github.com/MikeS071/contentai/internal/social/generator.go:120.18,122.3 1 1
github.com/MikeS071/contentai/internal/social/generator.go:123.2,133.45 2 1
github.com/MikeS071/contentai/internal/social/generator.go:133.45,135.3 1 0
github.com/MikeS071/contentai/internal/social/generator.go:136.2,138.55 3 1
github.com/MikeS071/contentai/internal/social/generator.go:138.55,140.3 1 0
github.com/MikeS071/contentai/internal/social/generator.go:141.2,141.20 1 1
github.com/MikeS071/contentai/internal/social/generator.go:144.65,145.32 1 1
github.com/MikeS071/contentai/internal/social/generator.go:145.32,147.3 1 1
github.com/MikeS071/contentai/internal/social/generator.go:148.2,148.19 1 1
github.com/MikeS071/contentai/internal/social/generator.go:148.19,150.3 1 1
github.com/MikeS071/contentai/internal/social/generator.go:151.2,153.16 3 1
github.com/MikeS071/contentai/internal/social/generator.go:153.16,155.3 1 0
github.com/MikeS071/contentai/internal/social/generator.go:156.2,157.55 2 1
github.com/MikeS071/contentai/internal/social/generator.go:157.55,159.3 1 0
github.com/MikeS071/contentai/internal/social/generator.go:160.2,160.12 1 1
github.com/MikeS071/contentai/internal/social/generator.go:163.88,165.17 2 1
github.com/MikeS071/contentai/internal/social/generator.go:165.17,167.3 1 0
github.com/MikeS071/contentai/internal/social/generator.go:168.2,175.16 2 1
github.com/MikeS071/contentai/internal/social/generator.go:175.16,177.3 1 1
github.com/MikeS071/contentai/internal/social/generator.go:178.2,178.45 1 1
github.com/MikeS071/contentai/internal/social/generator.go:181.49,184.16 3 1
github.com/MikeS071/contentai/internal/social/generator.go:184.16,186.3 1 1
github.com/MikeS071/contentai/internal/social/generator.go:187.2,188.17 2 1
github.com/MikeS071/contentai/internal/social/generator.go:188.17,190.3 1 0
github.com/MikeS071/contentai/internal/social/generator.go:191.2,191.19 1 1
github.com/MikeS071/contentai/internal/social/generator.go:194.36,196.16 2 1
github.com/MikeS071/contentai/internal/social/generator.go:196.16,198.3 1 0
github.com/MikeS071/contentai/internal/social/generator.go:199.2,199.53 1 1
github.com/MikeS071/contentai/internal/social/generator.go:199.53,201.3 1 1
github.com/MikeS071/contentai/internal/social/generator.go:202.2,202.22 1 1
github.com/MikeS071/contentai/internal/social/generator.go:202.22,204.3 1 1
github.com/MikeS071/contentai/internal/social/generator.go:206.2,208.18 3 1
github.com/MikeS071/contentai/internal/social/generator.go:208.18,210.3 1 0
github.com/MikeS071/contentai/internal/social/generator.go:211.2,212.23 2 1
github.com/MikeS071/contentai/internal/social/generator.go:212.23,214.3 1 1
github.com/MikeS071/contentai/internal/social/generator.go:215.2,215.70 1 1
github.com/MikeS071/contentai/internal/social/generator.go:218.43,220.16 2 1
github.com/MikeS071/contentai/internal/social/generator.go:220.16,222.3 1 0
github.com/MikeS071/contentai/internal/social/generator.go:223.2,223.34 1 1
github.com/MikeS071/contentai/internal/social/generator.go:223.34,225.3 1 1
github.com/MikeS071/contentai/internal/social/generator.go:226.2,226.53 1 1
github.com/MikeS071/contentai/internal/social/generator.go:226.53,228.3 1 1
github.com/MikeS071/contentai/internal/social/generator.go:229.2,229.13 1 1
github.com/MikeS071/contentai/internal/templates/engine.go:24.43,26.2 1 1
github.com/MikeS071/contentai/internal/templates/engine.go:28.51,29.43 1 1
github.com/MikeS071/contentai/internal/templates/engine.go:29.43,31.3 1 1
github.com/MikeS071/contentai/internal/templates/engine.go:33.2,35.16 3 1
github.com/MikeS071/contentai/internal/templates/engine.go:35.16,37.3 1 1
github.com/MikeS071/contentai/internal/templates/engine.go:38.2,38.37 1 1
github.com/MikeS071/contentai/internal/templates/engine.go:38.37,40.3 1 0
github.com/MikeS071/contentai/internal/templates/engine.go:42.2,43.16 2 1
github.com/MikeS071/contentai/internal/templates/engine.go:43.16,45.3 1 1
github.com/MikeS071/contentai/internal/templates/engine.go:46.2,46.26 1 1
github.com/MikeS071/contentai/internal/templates/engine.go:49.88,51.16 2 1
github.com/MikeS071/contentai/internal/templates/engine.go:51.16,53.3 1 0
github.com/MikeS071/contentai/internal/templates/engine.go:55.2,56.16 2 1
github.com/MikeS071/contentai/internal/templates/engine.go:56.16,58.3 1 1
github.com/MikeS071/contentai/internal/templates/engine.go:60.2,61.48 2 1
github.com/MikeS071/contentai/internal/templates/engine.go:61.48,63.3 1 1
github.com/MikeS071/contentai/internal/templates/engine.go:64.2,64.26 1 1
github.com/MikeS071/contentai/internal/templates/engine.go:67.34,69.16 2 1
github.com/MikeS071/contentai/internal/templates/engine.go:69.16,71.3 1 0
github.com/MikeS071/contentai/internal/templates/engine.go:73.2,74.32 2 1
github.com/MikeS071/contentai/internal/templates/engine.go:74.32,75.20 1 1
github.com/MikeS071/contentai/internal/templates/engine.go:75.20,76.12 1 0
github.com/MikeS071/contentai/internal/templates/engine.go:78.3,79.38 2 1
github.com/MikeS071/contentai/internal/templates/engine.go:79.38,80.12 1 0
github.com/MikeS071/contentai/internal/templates/engine.go:82.3,82.57 1 1
github.com/MikeS071/contentai/internal/templates/engine.go:84.2,85.14 2 1
github.com/MikeS071/contentai/internal/templates/engine.go:88.47,91.2 2 1
github.com/MikeS071/contentai/internal/templates/engine.go:93.84,95.2 1 1
github.com/MikeS071/contentai/internal/templates/engine.go:97.49,98.43 1 1
github.com/MikeS071/contentai/internal/templates/engine.go:98.43,100.3 1 1
github.com/MikeS071/contentai/internal/templates/engine.go:101.2,102.19 2 1
github.com/MikeS071/contentai/internal/templates/engine.go:105.75,107.52 2 1
github.com/MikeS071/contentai/internal/templates/engine.go:107.52,109.3 1 1
github.com/MikeS071/contentai/internal/templates/engine.go:111.2,111.32 1 1
github.com/MikeS071/contentai/internal/templates/engine.go:111.32,113.54 2 1
github.com/MikeS071/contentai/internal/templates/engine.go:113.54,115.12 2 1
github.com/MikeS071/contentai/internal/templates/engine.go:116.9,116.59 1 1
github.com/MikeS071/contentai/internal/templates/engine.go:116.59,118.4 1 0
github.com/MikeS071/contentai/internal/templates/engine.go:120.3,121.17 2 1
github.com/MikeS071/contentai/internal/templates/engine.go:121.17,123.4 1 0
github.com/MikeS071/contentai/internal/templates/engine.go:124.3,124.59 1 1
github.com/MikeS071/contentai/internal/templates/engine.go:124.59,126.4 1 0
github.com/MikeS071/contentai/internal/templates/engine.go:127.3,127.50 1 1
github.com/MikeS071/contentai/internal/templates/engine.go:130.2,130.20 1 1
github.com/MikeS071/contentai/internal/templates/engine.go:133.48,135.2 1 1
github.com/MikeS071/contentai/internal/templates/engine.go:137.60,140.16 3 1
github.com/MikeS071/contentai/internal/templates/engine.go:140.16,141.37 1 1
github.com/MikeS071/contentai/internal/templates/engine.go:141.37,143.4 1 1
github.com/MikeS071/contentai/internal/templates/engine.go:144.3,144.69 1 0
github.com/MikeS071/contentai/internal/templates/engine.go:146.2,146.18 1 1
github.com/MikeS071/contentai/internal/templates/engine.go:149.38,150.35 1 1
github.com/MikeS071/contentai/internal/templates/engine.go:150.35,152.3 1 1
github.com/MikeS071/contentai/internal/templates/engine.go:153.2,153.88 1 1
github.com/MikeS071/contentai/internal/templates/engine.go:153.88,155.3 1 1
github.com/MikeS071/contentai/internal/templates/engine.go:156.2,156.12 1 1
